12:14:25 PM : ::1 - /url : GET
12:15:05 PM : ::1 - /url : GET
12:15:13 PM : ::1 - /url : GET
12:15:47 PM : ::1 - /url : GET
12:16:10 PM : ::1 - /url : POST
12:17:03 PM : ::1 - /url : POST
12:17:33 PM : ::1 - /url : POST
12:17:43 PM : ::1 - /url/-Pe8GMxdl : GET
12:17:52 PM : ::1 - /url/-Pe8GMxdl : GET
12:18:06 PM : ::1 - /analytics/-Pe8GMxdl/ : GET
12:18:27 PM : ::1 - /analytics/-Pe8GMxdl : GET
12:18:31 PM : ::1 - /analytics/-Pe8GMxdl : GET
12:18:55 PM : ::1 - /url/analytics/-Pe8GMxdl : GET
12:27:23 PM : ::1 - /url/-Pe8GMxdl : GET
12:34:15 PM : ::1 - /url : GET
12:34:15 PM : ::1 - /favicon.ico : GET
12:35:07 PM : ::1 - /url : GET
12:35:17 PM : ::1 - /url : GET
12:36:43 PM : ::1 - /url : GET
12:36:54 PM : ::1 - /.well-known/appspecific/com.chrome.devtools.json : GET
12:40:45 PM : ::1 - /POST : GET
12:40:45 PM : ::1 - /.well-known/appspecific/com.chrome.devtools.json : GET
12:41:15 PM : ::1 - /url/POST : GET
12:41:15 PM : ::1 - /.well-known/appspecific/com.chrome.devtools.json : GET
12:41:55 PM : ::1 - / : GET
12:41:55 PM : ::1 - /.well-known/appspecific/com.chrome.devtools.json : GET
12:42:01 PM : ::1 - /url : GET
12:42:01 PM : ::1 - /.well-known/appspecific/com.chrome.devtools.json : GET
12:42:04 PM : ::1 - /POST : GET
12:42:04 PM : ::1 - /.well-known/appspecific/com.chrome.devtools.json : GET
12:42:45 PM : ::1 - /url : GET
12:42:46 PM : ::1 - /.well-known/appspecific/com.chrome.devtools.json : GET
12:42:50 PM : ::1 - /POST : GET
12:42:50 PM : ::1 - /.well-known/appspecific/com.chrome.devtools.json : GET
12:45:26 PM : ::1 - /url : GET
12:45:26 PM : ::1 - /.well-known/appspecific/com.chrome.devtools.json : GET
12:45:28 PM : ::1 - /POST : GET
12:45:28 PM : ::1 - /.well-known/appspecific/com.chrome.devtools.json : GET
12:54:15 PM : ::1 - /url/ : GET
12:54:15 PM : ::1 - /favicon.ico : GET
12:55:22 PM : ::1 - /url/POST : GET
12:56:14 PM : ::1 - / : GET
12:56:17 PM : ::1 - /POST : GET
12:59:14 PM : ::1 - /url/ : GET
12:59:16 PM : ::1 - / : GET
12:59:19 PM : ::1 - /POST : GET
12:59:56 PM : ::1 - /POST : GET
12:59:58 PM : ::1 - / : GET
1:00:00 PM : ::1 - /POST : GET
1:00:17 PM : ::1 - / : GET
1:00:21 PM : ::1 - /url/ : GET
1:00:23 PM : ::1 - /url/POST : GET
1:03:03 PM : ::1 - /url/ : GET
1:03:06 PM : ::1 - / : GET
1:03:09 PM : ::1 - /POST : GET
1:03:26 PM : ::1 - /POST : GET
1:03:29 PM : ::1 - / : GET
1:03:31 PM : ::1 - /url : POST
1:03:46 PM : ::1 - / : GET
1:03:49 PM : ::1 - /url : POST
1:04:30 PM : ::1 - / : GET
1:04:31 PM : ::1 - /url : POST
1:05:15 PM : ::1 - / : GET
1:05:17 PM : ::1 - /url : POST
1:05:22 PM : ::1 - /url/FqV5hZcBj : GET
1:06:48 PM : ::1 - / : GET
1:06:50 PM : ::1 - /url : POST
1:07:08 PM : ::1 - /url : POST
1:07:10 PM : ::1 - / : GET
1:07:13 PM : ::1 - /url : POST
1:09:02 PM : ::1 - / : GET
1:09:10 PM : ::1 - /url : POST
1:09:14 PM : ::1 - / : GET
1:09:28 PM : ::1 - /url : POST
1:09:43 PM : ::1 - / : GET
1:09:48 PM : ::1 - /url : POST
1:10:43 PM : ::1 - /url/l5UAazgcT : GET
1:10:52 PM : ::1 - /url/analytics/l5UAazgcT : GET
1:12:20 PM : ::1 - /url : POST
1:12:22 PM : ::1 - / : GET
1:12:24 PM : ::1 - /url : POST
1:12:35 PM : ::1 - / : GET
1:12:59 PM : ::1 - /url : POST
1:14:53 PM : ::1 - / : GET
1:14:59 PM : ::1 - /url : POST
1:15:10 PM : ::1 - /url/ZJhHV60Jb : GET
1:15:15 PM : ::1 - / : GET
1:16:42 PM : ::1 - /url : POST
1:17:21 PM : ::1 - / : GET
1:17:22 PM : ::1 - /url : POST
1:17:23 PM : ::1 - /url/8WGyM_Y77 : GET
1:24:06 PM : ::1 - / : GET
1:24:08 PM : ::1 - / : GET
1:24:16 PM : ::1 - / : GET
1:26:12 PM : ::1 - / : GET
1:26:20 PM : ::1 - / : GET
1:26:21 PM : ::1 - / : GET
1:29:16 PM : ::1 - / : GET
1:38:41 PM : ::1 - / : GET
1:38:41 PM : ::1 - /favicon.ico : GET
1:38:53 PM : ::1 - / : GET
1:38:55 PM : ::1 - / : GET
1:38:56 PM : ::1 - / : GET
1:38:56 PM : ::1 - / : GET
1:38:56 PM : ::1 - / : GET
1:38:57 PM : ::1 - / : GET
1:38:57 PM : ::1 - / : GET
1:38:57 PM : ::1 - / : GET
1:38:57 PM : ::1 - / : GET
1:38:58 PM : ::1 - / : GET
1:38:58 PM : ::1 - / : GET
1:38:58 PM : ::1 - / : GET
1:38:58 PM : ::1 - / : GET
1:38:59 PM : ::1 - / : GET
1:38:59 PM : ::1 - / : GET
1:38:59 PM : ::1 - / : GET
1:38:59 PM : ::1 - / : GET
1:38:59 PM : ::1 - / : GET
1:39:00 PM : ::1 - / : GET
1:39:00 PM : ::1 - / : GET
1:39:00 PM : ::1 - / : GET
1:39:00 PM : ::1 - / : GET
1:39:02 PM : ::1 - /url : POST
1:39:41 PM : ::1 - / : GET
1:39:42 PM : ::1 - /.well-known/appspecific/com.chrome.devtools.json : GET
1:39:50 PM : ::1 - /url : POST
1:42:40 PM : ::1 - /url : POST
1:43:16 PM : ::1 - /url : POST
1:43:20 PM : ::1 - /url/UnJZslnhY : GET
1:43:24 PM : ::1 - /url : POST
1:43:30 PM : ::1 - /url/UnJZslnhY : GET
1:43:33 PM : ::1 - /url : POST
1:43:45 PM : ::1 - / : GET
1:43:49 PM : ::1 - /url/UnJZslnhY : GET
1:43:52 PM : ::1 - / : GET
1:43:53 PM : ::1 - / : GET
1:43:54 PM : ::1 - / : GET
1:43:54 PM : ::1 - / : GET
1:43:54 PM : ::1 - / : GET
1:44:58 PM : ::1 - / : GET
1:45:11 PM : ::1 - /url : POST
1:45:23 PM : ::1 - /url/RAdMZxzNy : GET
1:45:28 PM : ::1 - /url : POST
1:45:33 PM : ::1 - /url : POST
1:45:36 PM : ::1 - /url/3Xq2ylPFM : GET
1:45:41 PM : ::1 - / : GET
1:46:10 PM : ::1 - /url/SlAZgCPXR : GET
4:14:17 PM : ::1 - / : GET
4:14:17 PM : ::1 - /.well-known/appspecific/com.chrome.devtools.json : GET
4:32:25 PM : ::1 - / : GET
4:32:25 PM : ::1 - /favicon.ico : GET
4:32:31 PM : ::1 - /signup : GET
4:32:51 PM : ::1 - /signup : GET
4:35:17 PM : ::1 - /signup : GET
4:35:33 PM : ::1 - /signup : GET
4:35:38 PM : ::1 - /.well-known/appspecific/com.chrome.devtools.json : GET
4:36:05 PM : ::1 - /signup : GET
4:36:05 PM : ::1 - /.well-known/appspecific/com.chrome.devtools.json : GET
4:39:03 PM : ::1 - /signup : GET
4:39:03 PM : ::1 - /.well-known/appspecific/com.chrome.devtools.json : GET
4:39:06 PM : ::1 - /signup : GET
4:39:06 PM : ::1 - /.well-known/appspecific/com.chrome.devtools.json : GET
4:39:06 PM : ::1 - /signup : GET
4:39:06 PM : ::1 - /.well-known/appspecific/com.chrome.devtools.json : GET
4:39:07 PM : ::1 - /signup : GET
4:39:07 PM : ::1 - /.well-known/appspecific/com.chrome.devtools.json : GET
4:39:07 PM : ::1 - /signup : GET
4:39:07 PM : ::1 - /.well-known/appspecific/com.chrome.devtools.json : GET
4:39:20 PM : ::1 - /signup : GET
4:39:20 PM : ::1 - /.well-known/appspecific/com.chrome.devtools.json : GET
4:39:33 PM : ::1 - /user : POST
4:39:33 PM : ::1 - /.well-known/appspecific/com.chrome.devtools.json : GET
7:47:20 PM : ::1 - / : GET
7:47:28 PM : ::1 - /signup : GET
7:47:29 PM : ::1 - /favicon.ico : GET
7:47:39 PM : ::1 - /user : POST
7:51:36 PM : ::1 - / : GET
7:51:50 PM : ::1 - /signup : GET
7:52:01 PM : ::1 - /user : POST
7:52:09 PM : ::1 - / : GET
7:52:55 PM : ::1 - / : GET
7:53:24 PM : ::1 - / : GET
7:53:25 PM : ::1 - / : GET
7:53:29 PM : ::1 - /url : POST
7:53:37 PM : ::1 - /url/wCSu4RCLd : GET
7:53:43 PM : ::1 - / : GET
7:54:11 PM : ::1 - / : GET
7:54:28 PM : ::1 - / : GET
7:54:39 PM : ::1 - /url/wCSu4RCLd : GET
7:54:55 PM : ::1 - /signup : GET
8:03:27 PM : ::1 - /user : GET
8:03:33 PM : ::1 - /user/login : GET
8:03:52 PM : ::1 - /signup : GET
8:04:02 PM : ::1 - /user : POST
8:04:15 PM : ::1 - / : GET
8:04:17 PM : ::1 - /user : GET
8:04:27 PM : ::1 - / : GET
8:05:18 PM : ::1 - /user : GET
8:05:22 PM : ::1 - /user : GET
8:05:22 PM : ::1 - /user : GET
8:05:22 PM : ::1 - /user : GET
8:05:22 PM : ::1 - /user : GET
8:05:22 PM : ::1 - /user : GET
8:05:22 PM : ::1 - /user : GET
8:11:26 PM : ::1 - / : GET
8:11:32 PM : ::1 - /login : GET
8:11:38 PM : ::1 - /user/login : GET
8:11:56 PM : ::1 - /signup : GET
8:12:08 PM : ::1 - /user : POST
8:14:11 PM : ::1 - /signup : GET
8:14:24 PM : ::1 - /user : POST
8:15:17 PM : ::1 - /signup : GET
8:15:25 PM : ::1 - /user : POST
8:16:51 PM : ::1 - /user/login : GET
8:17:17 PM : ::1 - /user/login : GET
8:17:26 PM : ::1 - / : GET
8:17:45 PM : ::1 - /user : POST
8:18:23 PM : ::1 - /login : GET
8:18:28 PM : ::1 - / : GET
8:18:35 PM : ::1 - / : GET
8:18:41 PM : ::1 - /login : GET
8:18:48 PM : ::1 - / : GET
8:20:19 PM : ::1 - /login : GET
8:20:23 PM : ::1 - /user/login : GET
8:20:34 PM : ::1 - /login : GET
8:20:38 PM : ::1 - /user/login : POST
8:20:42 PM : ::1 - /user/login : POST
8:20:47 PM : ::1 - /user/login : POST
8:20:47 PM : ::1 - /index : GET
8:21:12 PM : ::1 - /user/login : POST
8:21:19 PM : ::1 - /user/login : POST
8:21:19 PM : ::1 - / : GET
8:21:29 PM : ::1 - /signup : GET
8:21:37 PM : ::1 - /user : POST
8:22:05 PM : ::1 - / : GET
8:22:10 PM : ::1 - /signup : GET
8:22:16 PM : ::1 - /user : POST
8:23:27 PM : ::1 - /signup : GET
8:23:32 PM : ::1 - /user : POST
8:23:38 PM : ::1 - / : GET
8:23:42 PM : ::1 - /user : POST
8:25:03 PM : ::1 - /signup : GET
8:25:10 PM : ::1 - /user : POST
8:26:23 PM : ::1 - /signup : GET
8:26:31 PM : ::1 - /user : POST
8:26:31 PM : ::1 - / : GET
8:26:59 PM : ::1 - /signup : GET
8:27:25 PM : ::1 - /user : POST
8:30:01 PM : ::1 - / : GET
8:30:04 PM : ::1 - /signup : GET
8:30:23 PM : ::1 - /user : POST
8:30:23 PM : ::1 - /signup : GET
8:30:35 PM : ::1 - /user : POST
8:30:35 PM : ::1 - /signup : GET
8:31:07 PM : ::1 - /user : POST
8:31:07 PM : ::1 - /login : GET
8:31:44 PM : ::1 - /user/login : POST
8:31:49 PM : ::1 - /user/login : POST
8:31:49 PM : ::1 - / : GET
9:28:21 PM : ::1 - /login : GET
9:28:29 PM : ::1 - /.well-known/appspecific/com.chrome.devtools.json : GET
9:28:57 PM : ::1 - /user/login : POST
9:28:57 PM : ::1 - / : GET
9:28:57 PM : ::1 - /.well-known/appspecific/com.chrome.devtools.json : GET
9:29:10 PM : ::1 - / : GET
9:29:10 PM : ::1 - /.well-known/appspecific/com.chrome.devtools.json : GET
9:29:11 PM : ::1 - / : GET
9:29:11 PM : ::1 - /.well-known/appspecific/com.chrome.devtools.json : GET
9:29:12 PM : ::1 - / : GET
9:29:12 PM : ::1 - /.well-known/appspecific/com.chrome.devtools.json : GET
9:29:17 PM : ::1 - /login : GET
9:29:17 PM : ::1 - /.well-known/appspecific/com.chrome.devtools.json : GET
9:29:20 PM : ::1 - /.well-known/appspecific/com.chrome.devtools.json : GET
9:29:20 PM : ::1 - /.well-known/appspecific/com.chrome.devtools.json : GET
9:29:21 PM : ::1 - / : GET
9:29:21 PM : ::1 - /.well-known/appspecific/com.chrome.devtools.json : GET
9:29:21 PM : ::1 - / : GET
9:29:21 PM : ::1 - /.well-known/appspecific/com.chrome.devtools.json : GET
9:29:21 PM : ::1 - / : GET
9:29:21 PM : ::1 - /.well-known/appspecific/com.chrome.devtools.json : GET
9:29:22 PM : ::1 - / : GET
9:29:22 PM : ::1 - /.well-known/appspecific/com.chrome.devtools.json : GET
9:36:14 PM : ::1 - / : GET
9:36:18 PM : ::1 - /.well-known/appspecific/com.chrome.devtools.json : GET
9:36:28 PM : ::1 - /url : POST
9:36:28 PM : ::1 - /login : GET
9:36:29 PM : ::1 - /.well-known/appspecific/com.chrome.devtools.json : GET
9:36:44 PM : ::1 - /user/login : POST
9:36:44 PM : ::1 - / : GET
9:36:45 PM : ::1 - /.well-known/appspecific/com.chrome.devtools.json : GET
9:36:52 PM : ::1 - / : GET
9:36:59 PM : ::1 - /url : POST
9:36:59 PM : ::1 - /login : GET
9:37:06 PM : ::1 - /url : POST
9:37:07 PM : ::1 - /login : GET
9:38:08 PM : ::1 - /.well-known/appspecific/com.chrome.devtools.json : GET
9:38:13 PM : ::1 - /url : POST
9:38:13 PM : ::1 - /login : GET
9:38:14 PM : ::1 - /.well-known/appspecific/com.chrome.devtools.json : GET
9:38:19 PM : ::1 - /user/login : POST
9:38:19 PM : ::1 - / : GET
9:38:19 PM : ::1 - /.well-known/appspecific/com.chrome.devtools.json : GET
9:38:43 PM : ::1 - /url : POST
9:38:43 PM : ::1 - /login : GET
9:38:43 PM : ::1 - /.well-known/appspecific/com.chrome.devtools.json : GET
9:38:46 PM : ::1 - /user/login : POST
9:38:46 PM : ::1 - / : GET
9:38:47 PM : ::1 - /.well-known/appspecific/com.chrome.devtools.json : GET
9:42:02 PM : ::1 - / : GET
9:42:02 PM : ::1 - /.well-known/appspecific/com.chrome.devtools.json : GET
9:42:05 PM : ::1 - /url : POST
9:42:05 PM : ::1 - /.well-known/appspecific/com.chrome.devtools.json : GET
9:42:10 PM : ::1 - /.well-known/appspecific/com.chrome.devtools.json : GET
9:42:11 PM : ::1 - /.well-known/appspecific/com.chrome.devtools.json : GET
9:42:12 PM : ::1 - / : GET
9:42:12 PM : ::1 - /.well-known/appspecific/com.chrome.devtools.json : GET
9:42:19 PM : ::1 - /url : POST
9:42:19 PM : ::1 - /.well-known/appspecific/com.chrome.devtools.json : GET
9:42:35 PM : ::1 - / : GET
9:42:36 PM : ::1 - /.well-known/appspecific/com.chrome.devtools.json : GET
9:42:39 PM : ::1 - /url : POST
9:42:39 PM : ::1 - /login : GET
9:42:39 PM : ::1 - /.well-known/appspecific/com.chrome.devtools.json : GET
9:42:53 PM : ::1 - /user/login : POST
9:42:53 PM : ::1 - / : GET
9:42:53 PM : ::1 - /.well-known/appspecific/com.chrome.devtools.json : GET
9:42:58 PM : ::1 - / : GET
9:43:03 PM : ::1 - /url : POST
9:43:03 PM : ::1 - /login : GET
9:43:13 PM : ::1 - /url : POST
9:43:13 PM : ::1 - /login : GET
9:43:13 PM : ::1 - /.well-known/appspecific/com.chrome.devtools.json : GET
9:43:39 PM : ::1 - /.well-known/appspecific/com.chrome.devtools.json : GET
9:43:39 PM : ::1 - /.well-known/appspecific/com.chrome.devtools.json : GET
9:43:40 PM : ::1 - / : GET
9:43:40 PM : ::1 - /.well-known/appspecific/com.chrome.devtools.json : GET
9:43:43 PM : ::1 - /url : POST
9:43:43 PM : ::1 - /login : GET
9:43:43 PM : ::1 - /.well-known/appspecific/com.chrome.devtools.json : GET
9:43:52 PM : ::1 - /login : GET
9:43:53 PM : ::1 - /.well-known/appspecific/com.chrome.devtools.json : GET
9:43:57 PM : ::1 - /user/login : POST
9:43:57 PM : ::1 - / : GET
9:43:57 PM : ::1 - /.well-known/appspecific/com.chrome.devtools.json : GET
9:44:06 PM : ::1 - /url : GET
9:44:06 PM : ::1 - /login : GET
9:44:12 PM : ::1 - /url : POST
9:44:12 PM : ::1 - /login : GET
9:44:13 PM : ::1 - /.well-known/appspecific/com.chrome.devtools.json : GET
9:44:50 PM : ::1 - /login : GET
9:44:50 PM : ::1 - /.well-known/appspecific/com.chrome.devtools.json : GET
9:44:51 PM : ::1 - /.well-known/appspecific/com.chrome.devtools.json : GET
9:44:52 PM : ::1 - /.well-known/appspecific/com.chrome.devtools.json : GET
9:44:52 PM : ::1 - / : GET
9:44:52 PM : ::1 - /.well-known/appspecific/com.chrome.devtools.json : GET
9:44:54 PM : ::1 - /url : POST
9:44:54 PM : ::1 - /login : GET
9:44:54 PM : ::1 - /.well-known/appspecific/com.chrome.devtools.json : GET
9:44:57 PM : ::1 - /user/login : POST
9:44:57 PM : ::1 - / : GET
9:44:58 PM : ::1 - /.well-known/appspecific/com.chrome.devtools.json : GET
9:45:00 PM : ::1 - /url : POST
9:45:00 PM : ::1 - /login : GET
9:45:00 PM : ::1 - /.well-known/appspecific/com.chrome.devtools.json : GET
9:46:00 PM : ::1 - /user/login : POST
9:46:00 PM : ::1 - / : GET
9:46:00 PM : ::1 - /.well-known/appspecific/com.chrome.devtools.json : GET
9:46:04 PM : ::1 - /url : POST
9:46:04 PM : ::1 - /login : GET
9:46:04 PM : ::1 - /.well-known/appspecific/com.chrome.devtools.json : GET
9:46:19 PM : ::1 - /login : GET
9:46:19 PM : ::1 - /.well-known/appspecific/com.chrome.devtools.json : GET
9:46:22 PM : ::1 - /user/login : POST
9:46:22 PM : ::1 - / : GET
9:46:23 PM : ::1 - /.well-known/appspecific/com.chrome.devtools.json : GET
9:46:25 PM : ::1 - /url : POST
9:46:25 PM : ::1 - /login : GET
9:46:25 PM : ::1 - /.well-known/appspecific/com.chrome.devtools.json : GET
9:46:42 PM : ::1 - /login : GET
9:46:42 PM : ::1 - /.well-known/appspecific/com.chrome.devtools.json : GET
9:46:44 PM : ::1 - /login : GET
9:46:44 PM : ::1 - /.well-known/appspecific/com.chrome.devtools.json : GET
9:46:47 PM : ::1 - /user/login : POST
9:46:47 PM : ::1 - / : GET
9:46:47 PM : ::1 - /.well-known/appspecific/com.chrome.devtools.json : GET
9:46:50 PM : ::1 - /url : POST
9:46:50 PM : ::1 - /.well-known/appspecific/com.chrome.devtools.json : GET
9:46:57 PM : ::1 - / : GET
9:46:57 PM : ::1 - /.well-known/appspecific/com.chrome.devtools.json : GET
9:47:03 PM : ::1 - / : GET
9:47:06 PM : ::1 - /url : POST
9:47:07 PM : ::1 - /url/IlQ-TeZjV : GET
9:47:10 PM : ::1 - / : GET
9:47:10 PM : ::1 - /.well-known/appspecific/com.chrome.devtools.json : GET
9:47:15 PM : ::1 - / : GET
9:47:19 PM : ::1 - /url : POST
9:47:19 PM : ::1 - /login : GET
10:17:32 PM : ::1 - / : GET
10:18:02 PM : ::1 - / : GET
10:18:18 PM : ::1 - / : GET
10:18:18 PM : ::1 - /login : GET
10:18:22 PM : ::1 - / : GET
10:18:22 PM : ::1 - /login : GET
10:18:28 PM : ::1 - /.well-known/appspecific/com.chrome.devtools.json : GET
10:18:38 PM : ::1 - /user/login : POST
10:18:39 PM : ::1 - / : GET
10:18:39 PM : ::1 - /.well-known/appspecific/com.chrome.devtools.json : GET
10:18:51 PM : ::1 - /url : POST
10:18:51 PM : ::1 - /.well-known/appspecific/com.chrome.devtools.json : GET
10:18:53 PM : ::1 - /url/zHZSCitcA : GET
10:18:56 PM : ::1 - /.well-known/appspecific/com.chrome.devtools.json : GET
10:18:58 PM : ::1 - /.well-known/appspecific/com.chrome.devtools.json : GET
10:18:58 PM : ::1 - /.well-known/appspecific/com.chrome.devtools.json : GET
10:18:59 PM : ::1 - / : GET
10:18:59 PM : ::1 - /.well-known/appspecific/com.chrome.devtools.json : GET
10:19:07 PM : ::1 - / : GET
10:19:07 PM : ::1 - /.well-known/appspecific/com.chrome.devtools.json : GET
10:19:07 PM : ::1 - / : GET
10:19:07 PM : ::1 - /.well-known/appspecific/com.chrome.devtools.json : GET
10:19:07 PM : ::1 - / : GET
10:19:08 PM : ::1 - /.well-known/appspecific/com.chrome.devtools.json : GET
10:19:08 PM : ::1 - / : GET
10:19:08 PM : ::1 - /.well-known/appspecific/com.chrome.devtools.json : GET
10:19:08 PM : ::1 - / : GET
10:19:08 PM : ::1 - /.well-known/appspecific/com.chrome.devtools.json : GET
10:19:31 PM : ::1 - / : GET
10:19:31 PM : ::1 - /login : GET
10:19:31 PM : ::1 - /.well-known/appspecific/com.chrome.devtools.json : GET
10:19:31 PM : ::1 - /login : GET
10:19:31 PM : ::1 - /.well-known/appspecific/com.chrome.devtools.json : GET
10:19:46 PM : ::1 - /user/login : POST
10:19:46 PM : ::1 - / : GET
10:19:46 PM : ::1 - /.well-known/appspecific/com.chrome.devtools.json : GET
10:19:50 PM : ::1 - /url : POST
10:19:51 PM : ::1 - /.well-known/appspecific/com.chrome.devtools.json : GET
10:19:53 PM : ::1 - /.well-known/appspecific/com.chrome.devtools.json : GET
10:19:53 PM : ::1 - /.well-known/appspecific/com.chrome.devtools.json : GET
10:19:54 PM : ::1 - / : GET
10:19:54 PM : ::1 - /.well-known/appspecific/com.chrome.devtools.json : GET
10:19:58 PM : ::1 - /signup : GET
10:20:01 PM : ::1 - / : GET
10:20:04 PM : ::1 - /url : POST
10:20:12 PM : ::1 - / : GET
10:20:12 PM : ::1 - /login : GET
10:20:23 PM : ::1 - / : GET
10:20:23 PM : ::1 - /login : GET
10:20:47 PM : ::1 - /user/login : POST
10:20:47 PM : ::1 - / : GET
10:20:53 PM : ::1 - /url : POST
10:20:54 PM : ::1 - /url/GO9zHBwq6 : GET
10:20:58 PM : ::1 - / : GET
10:20:58 PM : ::1 - /.well-known/appspecific/com.chrome.devtools.json : GET
10:21:05 PM : ::1 - /url/iGkLKqixl : GET
10:21:07 PM : ::1 - /.well-known/appspecific/com.chrome.devtools.json : GET
10:21:07 PM : ::1 - /.well-known/appspecific/com.chrome.devtools.json : GET
10:21:08 PM : ::1 - / : GET
10:21:08 PM : ::1 - /.well-known/appspecific/com.chrome.devtools.json : GET
10:21:08 PM : ::1 - / : GET
10:21:08 PM : ::1 - /.well-known/appspecific/com.chrome.devtools.json : GET
10:21:08 PM : ::1 - / : GET
10:21:09 PM : ::1 - /.well-known/appspecific/com.chrome.devtools.json : GET
10:21:09 PM : ::1 - / : GET
10:21:09 PM : ::1 - /.well-known/appspecific/com.chrome.devtools.json : GET
10:21:15 PM : ::1 - / : GET
10:21:26 PM : ::1 - /url : POST
10:21:30 PM : ::1 - / : GET
10:21:31 PM : ::1 - / : GET
10:21:31 PM : ::1 - /.well-known/appspecific/com.chrome.devtools.json : GET
11:28:28 PM : ::1 - / : GET
11:28:28 PM : ::1 - /login : GET
11:28:32 PM : ::1 - /.well-known/appspecific/com.chrome.devtools.json : GET
11:28:41 PM : ::1 - /user/login : POST
11:28:41 PM : ::1 - / : GET
11:28:41 PM : ::1 - /.well-known/appspecific/com.chrome.devtools.json : GET
11:28:45 PM : ::1 - /url : POST
11:28:45 PM : ::1 - /.well-known/appspecific/com.chrome.devtools.json : GET
11:28:47 PM : ::1 - /.well-known/appspecific/com.chrome.devtools.json : GET
11:28:47 PM : ::1 - /.well-known/appspecific/com.chrome.devtools.json : GET
11:28:48 PM : ::1 - / : GET
11:28:48 PM : ::1 - /.well-known/appspecific/com.chrome.devtools.json : GET
11:38:58 PM : ::1 - / : GET
11:38:58 PM : ::1 - /login : GET
11:38:58 PM : ::1 - /.well-known/appspecific/com.chrome.devtools.json : GET
11:39:06 PM : ::1 - /user/login : POST
11:39:06 PM : ::1 - / : GET
11:39:06 PM : ::1 - /.well-known/appspecific/com.chrome.devtools.json : GET
11:39:14 PM : ::1 - /url : POST
11:39:14 PM : ::1 - /.well-known/appspecific/com.chrome.devtools.json : GET
11:39:16 PM : ::1 - /url/SymF0kGmD : GET
11:39:30 PM : ::1 - / : GET
11:39:34 PM : ::1 - /.well-known/appspecific/com.chrome.devtools.json : GET
11:39:51 PM : ::1 - / : GET
11:39:51 PM : ::1 - /login : GET
11:39:54 PM : ::1 - /.well-known/appspecific/com.chrome.devtools.json : GET
11:40:15 PM : ::1 - / : GET
11:40:16 PM : ::1 - /.well-known/appspecific/com.chrome.devtools.json : GET
11:40:24 PM : ::1 - /url/iGkLKqixl : GET
11:40:26 PM : ::1 - /.well-known/appspecific/com.chrome.devtools.json : GET
11:40:26 PM : ::1 - /.well-known/appspecific/com.chrome.devtools.json : GET
11:40:27 PM : ::1 - / : GET
11:40:27 PM : ::1 - /.well-known/appspecific/com.chrome.devtools.json : GET
12:08:49 AM : ::1 - / : GET
12:08:49 AM : ::1 - /.well-known/appspecific/com.chrome.devtools.json : GET
12:08:57 AM : ::1 - / : GET
12:08:57 AM : ::1 - /.well-known/appspecific/com.chrome.devtools.json : GET
12:09:05 AM : ::1 - / : GET
12:09:05 AM : ::1 - /login : GET
12:09:05 AM : ::1 - /.well-known/appspecific/com.chrome.devtools.json : GET
12:09:12 AM : ::1 - /user/login : POST
12:09:12 AM : ::1 - / : GET
12:09:12 AM : ::1 - /.well-known/appspecific/com.chrome.devtools.json : GET
12:09:17 AM : ::1 - /.well-known/appspecific/com.chrome.devtools.json : GET
12:09:17 AM : ::1 - /.well-known/appspecific/com.chrome.devtools.json : GET
12:45:08 AM : ::1 - / : GET
12:45:09 AM : ::1 - /login : GET
12:45:12 AM : ::1 - /admin/urls : GET
12:45:12 AM : ::1 - /favicon.ico : GET
12:45:37 AM : ::1 - / : GET
12:45:37 AM : ::1 - /login : GET
12:45:37 AM : ::1 - /favicon.ico : GET
12:45:57 AM : ::1 - /user/login : POST
12:47:09 AM : ::1 - /user/login : POST
12:47:11 AM : ::1 - /signup : GET
12:47:52 AM : ::1 - /user : POST
12:47:52 AM : ::1 - /singup : GET
12:48:40 AM : ::1 - / : GET
12:48:40 AM : ::1 - /login : GET
12:48:42 AM : ::1 - /signup.ejs : GET
12:48:49 AM : ::1 - /signup.ejs : GET
12:48:53 AM : ::1 - /login : GET
12:48:54 AM : ::1 - /signup.ejs : GET
12:49:21 AM : ::1 - /signup : GET
12:50:00 AM : ::1 - / : GET
12:50:00 AM : ::1 - /login : GET
12:50:41 AM : ::1 - / : GET
12:50:41 AM : ::1 - / : GET
12:50:52 AM : ::1 - / : GET
12:50:52 AM : ::1 - /login : GET
12:50:55 AM : ::1 - /login : GET
12:50:56 AM : ::1 - /login : GET
12:50:56 AM : ::1 - /login : GET
12:51:39 AM : ::1 - / : GET
12:51:39 AM : ::1 - /login : GET
12:51:40 AM : ::1 - /signup : GET
12:51:48 AM : ::1 - /user : POST
12:51:48 AM : ::1 - /singup : GET
12:52:02 AM : ::1 - /user : POST
12:52:02 AM : ::1 - /singup : GET
12:52:18 AM : ::1 - /.well-known/appspecific/com.chrome.devtools.json : GET
12:53:44 AM : ::1 - /user : POST
12:53:44 AM : ::1 - /signup : GET
12:54:08 AM : ::1 - /user : POST
12:54:08 AM : ::1 - /signup : GET
12:54:52 AM : ::1 - /signup : GET
12:54:53 AM : ::1 - /signup : GET
12:54:58 AM : ::1 - /user : POST
12:54:58 AM : ::1 - / : GET
12:54:58 AM : ::1 - /login : GET
12:55:39 AM : ::1 - /user/login : POST
12:55:39 AM : ::1 - / : GET
12:55:43 AM : ::1 - / : GET
12:55:51 AM : ::1 - / : GET
12:56:04 AM : ::1 - /url : POST
12:56:08 AM : ::1 - /admin/urls : GET
12:56:12 AM : ::1 - /url/pv0-a90ON : GET
12:56:13 AM : ::1 - /url/V3Al4tWZz : GET
12:56:13 AM : ::1 - /login : GET
12:56:20 AM : ::1 - / : GET
12:56:20 AM : ::1 - /login : GET
12:56:28 AM : ::1 - / : GET
12:57:53 AM : ::1 - /login : GET
12:57:56 AM : ::1 - /.well-known/appspecific/com.chrome.devtools.json : GET
12:58:08 AM : ::1 - /admin/urls : GET
12:58:08 AM : ::1 - /.well-known/appspecific/com.chrome.devtools.json : GET
12:58:33 AM : ::1 - / : GET
12:58:33 AM : ::1 - / : GET
12:58:34 AM : ::1 - / : GET
1:04:13 AM : ::1 - / : GET
1:04:13 AM : ::1 - /login : GET
1:04:13 AM : ::1 - /.well-known/appspecific/com.chrome.devtools.json : GET
1:04:18 AM : ::1 - /user/login : POST
1:04:18 AM : ::1 - /.well-known/appspecific/com.chrome.devtools.json : GET
1:09:34 AM : ::1 - / : GET
1:09:36 AM : ::1 - /url : GET
1:10:30 AM : ::1 - /url/ : GET
1:10:33 AM : ::1 - / : GET
1:10:37 AM : ::1 - /url/pv0-a90ON : GET
1:10:43 AM : ::1 - /url : POST
1:10:46 AM : ::1 - / : GET
1:11:19 AM : ::1 - /url/analytics/DlBjzfvcd : GET
1:11:24 AM : ::1 - / : GET
1:11:24 AM : ::1 - /url/DlBjzfvcd : GET
1:11:29 AM : ::1 - / : GET
1:11:35 AM : ::1 - / : GET
1:11:36 AM : ::1 - / : GET
1:11:37 AM : ::1 - / : GET
1:11:37 AM : ::1 - / : GET
1:11:37 AM : ::1 - / : GET
1:11:38 AM : ::1 - / : GET
1:11:38 AM : ::1 - / : GET
1:11:38 AM : ::1 - / : GET
1:12:43 AM : ::1 - / : GET
1:12:46 AM : ::1 - /url/analytics/DlBjzfvcd : GET
1:12:51 AM : ::1 - /url : GET
1:12:56 AM : ::1 - / : GET
1:14:05 AM : ::1 - /url/analytics/DlBjzfvcd : GET
1:14:51 AM : ::1 - /user/login : POST
1:14:52 AM : ::1 - /.well-known/appspecific/com.chrome.devtools.json : GET
1:15:05 AM : ::1 - /url/ : GET
1:15:05 AM : ::1 - /login : GET
1:15:05 AM : ::1 - /.well-known/appspecific/com.chrome.devtools.json : GET
1:15:22 AM : ::1 - /user/login : GET
1:15:22 AM : ::1 - /.well-known/appspecific/com.chrome.devtools.json : GET
1:15:25 AM : ::1 - /.well-known/appspecific/com.chrome.devtools.json : GET
1:15:25 AM : ::1 - /.well-known/appspecific/com.chrome.devtools.json : GET
1:15:26 AM : ::1 - /.well-known/appspecific/com.chrome.devtools.json : GET
1:15:27 AM : ::1 - /user/login : POST
1:15:27 AM : ::1 - /.well-known/appspecific/com.chrome.devtools.json : GET
1:15:29 AM : ::1 - /user/login : POST
1:15:29 AM : ::1 - /.well-known/appspecific/com.chrome.devtools.json : GET
1:15:29 AM : ::1 - /user/login : POST
1:15:29 AM : ::1 - /.well-known/appspecific/com.chrome.devtools.json : GET
1:15:30 AM : ::1 - /user/login : POST
1:15:30 AM : ::1 - /.well-known/appspecific/com.chrome.devtools.json : GET
1:15:30 AM : ::1 - /user/login : POST
1:15:30 AM : ::1 - /.well-known/appspecific/com.chrome.devtools.json : GET
1:15:31 AM : ::1 - /user/login : POST
1:15:31 AM : ::1 - /.well-known/appspecific/com.chrome.devtools.json : GET
1:15:31 AM : ::1 - /user/login : POST
1:15:31 AM : ::1 - /.well-known/appspecific/com.chrome.devtools.json : GET
1:15:31 AM : ::1 - /user/login : POST
1:15:31 AM : ::1 - /.well-known/appspecific/com.chrome.devtools.json : GET
1:15:32 AM : ::1 - /user/login : POST
1:15:32 AM : ::1 - /.well-known/appspecific/com.chrome.devtools.json : GET
1:15:33 AM : ::1 - /user/login : POST
1:15:33 AM : ::1 - /.well-known/appspecific/com.chrome.devtools.json : GET
1:15:33 AM : ::1 - /user/login : POST
1:15:33 AM : ::1 - /.well-known/appspecific/com.chrome.devtools.json : GET
1:16:27 AM : ::1 - /login : GET
1:16:27 AM : ::1 - /.well-known/appspecific/com.chrome.devtools.json : GET
1:16:32 AM : ::1 - /user/login : POST
1:16:32 AM : ::1 - /.well-known/appspecific/com.chrome.devtools.json : GET
1:18:57 AM : ::1 - /login : GET
1:19:42 AM : ::1 - /url/login : GET
1:19:42 AM : ::1 - /login : GET
1:20:20 AM : ::1 - /url/login : POST
1:20:20 AM : ::1 - /login : GET
1:21:19 AM : ::1 - /url/login : POST
1:21:19 AM : ::1 - /login : GET
1:22:42 AM : ::1 - /user/login : POST
1:23:07 AM : ::1 - / : POST
1:23:13 AM : ::1 - / : GET
1:23:13 AM : ::1 - /login : GET
1:23:26 AM : ::1 - /user/login : GET
1:23:29 AM : ::1 - /user/login : POST
1:23:39 AM : ::1 - / : POST
1:25:30 AM : ::1 - / : GET
1:25:31 AM : ::1 - /login : GET
1:26:36 AM : ::1 - /user/login : GET
1:26:41 AM : ::1 - /user/login : POST
1:26:52 AM : ::1 - / : GET
1:26:52 AM : ::1 - /login : GET
1:26:59 AM : ::1 - / : GET
1:26:59 AM : ::1 - /login : GET
1:28:11 AM : ::1 - /user/login : POST
1:28:50 AM : ::1 - /user/login : POST
1:29:03 AM : ::1 - / : GET
1:29:03 AM : ::1 - /login : GET
1:29:27 AM : ::1 - / : GET
1:29:27 AM : ::1 - /login : GET
1:30:30 AM : ::1 - /user/login : GET
1:30:48 AM : ::1 - / : GET
1:30:53 AM : ::1 - /.well-known/appspecific/com.chrome.devtools.json : GET
1:31:04 AM : ::1 - / : GET
1:31:04 AM : ::1 - /login : GET
1:31:04 AM : ::1 - /.well-known/appspecific/com.chrome.devtools.json : GET
1:31:12 AM : ::1 - /user/login : POST
1:31:22 AM : ::1 - /user/login : POST
1:32:51 AM : ::1 - /user/login : POST
1:32:55 AM : ::1 - /user/login : GET
1:32:55 AM : ::1 - /user/login : GET
1:32:56 AM : ::1 - /user/login : GET
1:32:56 AM : ::1 - /user/login : GET
1:32:58 AM : ::1 - /url : GET
1:33:03 AM : ::1 - / : GET
1:33:30 AM : ::1 - / : GET
1:33:30 AM : ::1 - /login : GET
1:33:30 AM : ::1 - /login : GET
1:33:30 AM : ::1 - /login : GET
1:33:30 AM : ::1 - /login : GET
1:33:30 AM : ::1 - /login : GET
1:33:30 AM : ::1 - /login : GET
1:33:30 AM : ::1 - /login : GET
1:33:30 AM : ::1 - /login : GET
1:33:30 AM : ::1 - /login : GET
1:33:30 AM : ::1 - /login : GET
1:33:30 AM : ::1 - /login : GET
1:33:30 AM : ::1 - /login : GET
1:33:30 AM : ::1 - /login : GET
1:33:30 AM : ::1 - /login : GET
1:33:30 AM : ::1 - /login : GET
1:33:30 AM : ::1 - /login : GET
1:33:30 AM : ::1 - /login : GET
1:33:30 AM : ::1 - /login : GET
1:33:30 AM : ::1 - /login : GET
1:33:31 AM : ::1 - /login : GET
1:33:31 AM : ::1 - /login : GET
1:33:31 AM : ::1 - /login : GET
1:33:31 AM : ::1 - /login : GET
1:33:31 AM : ::1 - /login : GET
1:33:31 AM : ::1 - /login : GET
1:33:31 AM : ::1 - /login : GET
1:33:31 AM : ::1 - /login : GET
1:33:31 AM : ::1 - /login : GET
1:33:31 AM : ::1 - /login : GET
1:33:31 AM : ::1 - /login : GET
1:33:31 AM : ::1 - /login : GET
1:33:31 AM : ::1 - /login : GET
1:33:31 AM : ::1 - /login : GET
1:33:31 AM : ::1 - /login : GET
1:33:31 AM : ::1 - /login : GET
1:33:31 AM : ::1 - /login : GET
1:33:31 AM : ::1 - /login : GET
1:33:31 AM : ::1 - /login : GET
1:33:31 AM : ::1 - /login : GET
1:33:32 AM : ::1 - /login : GET
1:33:32 AM : ::1 - /login : GET
1:33:32 AM : ::1 - /login : GET
1:33:32 AM : ::1 - /login : GET
1:33:32 AM : ::1 - /login : GET
1:33:32 AM : ::1 - /login : GET
1:33:32 AM : ::1 - /login : GET
1:33:32 AM : ::1 - /login : GET
1:33:32 AM : ::1 - /login : GET
1:33:32 AM : ::1 - /login : GET
1:33:32 AM : ::1 - /login : GET
1:33:32 AM : ::1 - /login : GET
1:33:32 AM : ::1 - /login : GET
1:33:32 AM : ::1 - /login : GET
1:33:32 AM : ::1 - /login : GET
1:33:32 AM : ::1 - /login : GET
1:33:32 AM : ::1 - /login : GET
1:33:32 AM : ::1 - /login : GET
1:33:32 AM : ::1 - /login : GET
1:33:32 AM : ::1 - /login : GET
1:33:33 AM : ::1 - /login : GET
1:33:33 AM : ::1 - /login : GET
1:33:33 AM : ::1 - /login : GET
1:33:33 AM : ::1 - /login : GET
1:33:33 AM : ::1 - /login : GET
1:33:33 AM : ::1 - /login : GET
1:33:33 AM : ::1 - /login : GET
1:33:33 AM : ::1 - /login : GET
1:33:33 AM : ::1 - /login : GET
1:33:33 AM : ::1 - /login : GET
1:33:33 AM : ::1 - /login : GET
1:33:33 AM : ::1 - /login : GET
1:33:33 AM : ::1 - /login : GET
1:33:33 AM : ::1 - /login : GET
1:33:33 AM : ::1 - /login : GET
1:33:33 AM : ::1 - /login : GET
1:33:33 AM : ::1 - /login : GET
1:33:33 AM : ::1 - /login : GET
1:33:33 AM : ::1 - /login : GET
1:33:33 AM : ::1 - /login : GET
1:33:33 AM : ::1 - /login : GET
1:33:33 AM : ::1 - /login : GET
1:33:33 AM : ::1 - /login : GET
1:33:33 AM : ::1 - /login : GET
1:33:33 AM : ::1 - /login : GET
1:33:33 AM : ::1 - /login : GET
1:33:33 AM : ::1 - /login : GET
1:33:33 AM : ::1 - /login : GET
1:33:33 AM : ::1 - /login : GET
1:33:33 AM : ::1 - /login : GET
1:33:33 AM : ::1 - /login : GET
1:33:33 AM : ::1 - /login : GET
1:33:33 AM : ::1 - /login : GET
1:33:33 AM : ::1 - /login : GET
1:33:33 AM : ::1 - /login : GET
1:33:33 AM : ::1 - /login : GET
1:33:33 AM : ::1 - /login : GET
1:33:33 AM : ::1 - /login : GET
1:33:33 AM : ::1 - /login : GET
1:33:33 AM : ::1 - /login : GET
1:33:34 AM : ::1 - /login : GET
1:33:34 AM : ::1 - /login : GET
1:33:34 AM : ::1 - /login : GET
1:33:34 AM : ::1 - /login : GET
1:33:34 AM : ::1 - /login : GET
1:33:34 AM : ::1 - /login : GET
1:33:34 AM : ::1 - /login : GET
1:33:34 AM : ::1 - /login : GET
1:33:34 AM : ::1 - /login : GET
1:33:34 AM : ::1 - /login : GET
1:33:34 AM : ::1 - /login : GET
1:33:34 AM : ::1 - /login : GET
1:33:34 AM : ::1 - /login : GET
1:33:34 AM : ::1 - /login : GET
1:33:34 AM : ::1 - /login : GET
1:33:34 AM : ::1 - /login : GET
1:33:34 AM : ::1 - /login : GET
1:33:34 AM : ::1 - /login : GET
1:33:34 AM : ::1 - /login : GET
1:33:34 AM : ::1 - /login : GET
1:33:34 AM : ::1 - /login : GET
1:33:34 AM : ::1 - /login : GET
1:33:34 AM : ::1 - /login : GET
1:33:34 AM : ::1 - /login : GET
1:33:34 AM : ::1 - /login : GET
1:33:34 AM : ::1 - /login : GET
1:33:34 AM : ::1 - /login : GET
1:33:34 AM : ::1 - /login : GET
1:33:34 AM : ::1 - /login : GET
1:33:34 AM : ::1 - /login : GET
1:33:34 AM : ::1 - /login : GET
1:33:34 AM : ::1 - /login : GET
1:33:34 AM : ::1 - /login : GET
1:33:34 AM : ::1 - /login : GET
1:33:34 AM : ::1 - /login : GET
1:33:34 AM : ::1 - /login : GET
1:33:34 AM : ::1 - /login : GET
1:33:34 AM : ::1 - /login : GET
1:33:34 AM : ::1 - /login : GET
1:33:34 AM : ::1 - /login : GET
1:33:34 AM : ::1 - /login : GET
1:33:34 AM : ::1 - /login : GET
1:33:34 AM : ::1 - /login : GET
1:33:34 AM : ::1 - /login : GET
1:33:34 AM : ::1 - /login : GET
1:33:34 AM : ::1 - /login : GET
1:33:34 AM : ::1 - /login : GET
1:33:34 AM : ::1 - /login : GET
1:33:34 AM : ::1 - /login : GET
1:33:34 AM : ::1 - /login : GET
1:33:34 AM : ::1 - /login : GET
1:33:34 AM : ::1 - /login : GET
1:33:34 AM : ::1 - /login : GET
1:33:34 AM : ::1 - /login : GET
1:33:34 AM : ::1 - /login : GET
1:33:34 AM : ::1 - /login : GET
1:33:34 AM : ::1 - /login : GET
1:33:34 AM : ::1 - /login : GET
1:33:34 AM : ::1 - /login : GET
1:33:34 AM : ::1 - /login : GET
1:33:34 AM : ::1 - /login : GET
1:33:34 AM : ::1 - /login : GET
1:33:34 AM : ::1 - /login : GET
1:33:34 AM : ::1 - /login : GET
1:33:34 AM : ::1 - /login : GET
1:33:34 AM : ::1 - /login : GET
1:33:34 AM : ::1 - /login : GET
1:33:34 AM : ::1 - /login : GET
1:33:34 AM : ::1 - /login : GET
1:33:34 AM : ::1 - /login : GET
1:33:34 AM : ::1 - /login : GET
1:33:34 AM : ::1 - /login : GET
1:33:34 AM : ::1 - /login : GET
1:33:34 AM : ::1 - /login : GET
1:33:34 AM : ::1 - /login : GET
1:33:34 AM : ::1 - /login : GET
1:33:34 AM : ::1 - /login : GET
1:33:34 AM : ::1 - /login : GET
1:33:34 AM : ::1 - /login : GET
1:33:34 AM : ::1 - /login : GET
1:33:34 AM : ::1 - /login : GET
1:33:34 AM : ::1 - /login : GET
1:33:34 AM : ::1 - /login : GET
1:33:34 AM : ::1 - /login : GET
1:33:34 AM : ::1 - /login : GET
1:33:34 AM : ::1 - /login : GET
1:33:35 AM : ::1 - /login : GET
1:33:35 AM : ::1 - /login : GET
1:33:35 AM : ::1 - /login : GET
1:33:35 AM : ::1 - /login : GET
1:33:35 AM : ::1 - /login : GET
1:33:35 AM : ::1 - /login : GET
1:33:35 AM : ::1 - /login : GET
1:33:35 AM : ::1 - /login : GET
1:33:35 AM : ::1 - /login : GET
1:33:35 AM : ::1 - /login : GET
1:33:35 AM : ::1 - /login : GET
1:33:35 AM : ::1 - /login : GET
1:33:35 AM : ::1 - /login : GET
1:33:35 AM : ::1 - /login : GET
1:33:37 AM : ::1 - / : GET
1:33:37 AM : ::1 - /login : GET
1:33:37 AM : ::1 - /login : GET
1:33:37 AM : ::1 - /login : GET
1:33:37 AM : ::1 - /login : GET
1:33:37 AM : ::1 - /login : GET
1:33:37 AM : ::1 - /login : GET
1:33:37 AM : ::1 - /login : GET
1:33:37 AM : ::1 - /login : GET
1:33:37 AM : ::1 - /login : GET
1:33:37 AM : ::1 - /login : GET
1:33:37 AM : ::1 - /login : GET
1:33:37 AM : ::1 - /login : GET
1:33:37 AM : ::1 - /login : GET
1:33:37 AM : ::1 - /login : GET
1:33:37 AM : ::1 - /login : GET
1:33:37 AM : ::1 - /login : GET
1:33:37 AM : ::1 - /login : GET
1:33:37 AM : ::1 - /login : GET
1:33:37 AM : ::1 - /login : GET
1:33:37 AM : ::1 - / : GET
1:33:37 AM : ::1 - /login : GET
1:33:37 AM : ::1 - /login : GET
1:33:37 AM : ::1 - /login : GET
1:33:37 AM : ::1 - /login : GET
1:33:37 AM : ::1 - /login : GET
1:33:37 AM : ::1 - /login : GET
1:33:37 AM : ::1 - /login : GET
1:33:37 AM : ::1 - /login : GET
1:33:37 AM : ::1 - /login : GET
1:33:37 AM : ::1 - /login : GET
1:33:37 AM : ::1 - /login : GET
1:33:37 AM : ::1 - /login : GET
1:33:37 AM : ::1 - /login : GET
1:33:37 AM : ::1 - /login : GET
1:33:37 AM : ::1 - /login : GET
1:33:37 AM : ::1 - /login : GET
1:33:37 AM : ::1 - /login : GET
1:33:37 AM : ::1 - /login : GET
1:33:37 AM : ::1 - /login : GET
1:33:38 AM : ::1 - /login : GET
1:33:38 AM : ::1 - /login : GET
1:33:38 AM : ::1 - /login : GET
1:33:38 AM : ::1 - /login : GET
1:33:38 AM : ::1 - /login : GET
1:33:38 AM : ::1 - /login : GET
1:33:38 AM : ::1 - /login : GET
1:33:38 AM : ::1 - /login : GET
1:33:38 AM : ::1 - /login : GET
1:33:38 AM : ::1 - /login : GET
1:33:38 AM : ::1 - /login : GET
1:33:38 AM : ::1 - /login : GET
1:33:38 AM : ::1 - /login : GET
1:33:38 AM : ::1 - /login : GET
1:33:38 AM : ::1 - /login : GET
1:33:38 AM : ::1 - /login : GET
1:33:38 AM : ::1 - /login : GET
1:33:38 AM : ::1 - /login : GET
1:33:38 AM : ::1 - /login : GET
1:33:38 AM : ::1 - /login : GET
1:33:43 AM : ::1 - /login : GET
1:33:43 AM : ::1 - /login : GET
1:33:43 AM : ::1 - /login : GET
1:33:43 AM : ::1 - /login : GET
1:33:43 AM : ::1 - /login : GET
1:33:43 AM : ::1 - /login : GET
1:33:43 AM : ::1 - /login : GET
1:33:43 AM : ::1 - /login : GET
1:33:43 AM : ::1 - /login : GET
1:33:43 AM : ::1 - /login : GET
1:33:43 AM : ::1 - /login : GET
1:33:43 AM : ::1 - /login : GET
1:33:43 AM : ::1 - /login : GET
1:33:43 AM : ::1 - /login : GET
1:33:43 AM : ::1 - /login : GET
1:33:43 AM : ::1 - /login : GET
1:33:43 AM : ::1 - /login : GET
1:33:43 AM : ::1 - /login : GET
1:33:43 AM : ::1 - /login : GET
1:33:43 AM : ::1 - /login : GET
1:33:49 AM : ::1 - /login : GET
1:34:45 AM : ::1 - /user/login : POST
1:34:57 AM : ::1 - / : GET
1:34:57 AM : ::1 - /login : GET
1:35:35 AM : ::1 - /login : GET
1:35:40 AM : ::1 - /user/login : POST
1:35:47 AM : ::1 - / : GET
1:35:47 AM : ::1 - /login : GET
1:36:16 AM : ::1 - /user/login : GET
1:36:21 AM : ::1 - /user/login : GET
1:36:26 AM : ::1 - /user/login : POST
1:36:42 AM : ::1 - / : GET
1:36:42 AM : ::1 - /login : GET
1:36:55 AM : ::1 - / : GET
1:36:55 AM : ::1 - /login : GET
1:38:26 AM : ::1 - /user/login : POST
1:38:57 AM : ::1 - /user/login : POST
1:39:29 AM : ::1 - / : GET
1:39:29 AM : ::1 - /login : GET
1:40:06 AM : ::1 - / : GET
1:40:06 AM : ::1 - /login : GET
1:40:12 AM : ::1 - /user/login : POST
1:40:23 AM : ::1 - / : GET
1:40:23 AM : ::1 - /login : GET
1:41:29 AM : ::1 - /user/login : POST
1:41:48 AM : ::1 - /user/login : POST
1:42:02 AM : ::1 - / : GET
1:42:02 AM : ::1 - /login : GET
1:42:26 AM : ::1 - / : GET
1:42:26 AM : ::1 - /login : GET
1:42:44 AM : ::1 - / : GET
1:42:44 AM : ::1 - /login : GET
1:43:01 AM : ::1 - / : GET
1:44:44 AM : ::1 - /login : GET
1:44:48 AM : ::1 - /user/login : POST
1:44:48 AM : ::1 - / : GET
1:44:48 AM : ::1 - /login : GET
1:45:55 AM : ::1 - /user/login : POST
1:46:04 AM : ::1 - / : GET
1:46:04 AM : ::1 - /login : GET
1:46:23 AM : ::1 - /user/login : POST
1:46:34 AM : ::1 - / : GET
12:06:19 PM : ::1 - / : GET
12:06:20 PM : ::1 - /login : GET
12:06:20 PM : ::1 - /login : GET
12:06:20 PM : ::1 - /login : GET
12:06:20 PM : ::1 - /login : GET
12:06:20 PM : ::1 - /login : GET
12:06:20 PM : ::1 - /login : GET
12:06:20 PM : ::1 - /login : GET
12:06:20 PM : ::1 - /login : GET
12:06:20 PM : ::1 - /login : GET
12:06:20 PM : ::1 - /login : GET
12:06:20 PM : ::1 - /login : GET
12:06:20 PM : ::1 - /login : GET
12:06:20 PM : ::1 - /login : GET
12:06:20 PM : ::1 - /login : GET
12:06:20 PM : ::1 - /login : GET
12:06:20 PM : ::1 - /login : GET
12:06:20 PM : ::1 - /login : GET
12:06:20 PM : ::1 - /login : GET
12:06:20 PM : ::1 - /login : GET
12:06:20 PM : ::1 - / : GET
12:06:20 PM : ::1 - /login : GET
12:06:20 PM : ::1 - /login : GET
12:06:20 PM : ::1 - /login : GET
12:06:20 PM : ::1 - /login : GET
12:06:20 PM : ::1 - /login : GET
12:06:20 PM : ::1 - /login : GET
12:06:20 PM : ::1 - /login : GET
12:06:20 PM : ::1 - /login : GET
12:06:20 PM : ::1 - /login : GET
12:06:20 PM : ::1 - /login : GET
12:06:20 PM : ::1 - /login : GET
12:06:20 PM : ::1 - /login : GET
12:06:20 PM : ::1 - /login : GET
12:06:20 PM : ::1 - /login : GET
12:06:20 PM : ::1 - /login : GET
12:06:20 PM : ::1 - /login : GET
12:06:20 PM : ::1 - /login : GET
12:06:20 PM : ::1 - /login : GET
12:06:20 PM : ::1 - /login : GET
12:06:22 PM : ::1 - /login : GET
12:06:22 PM : ::1 - /login : GET
12:06:22 PM : ::1 - /login : GET
12:06:22 PM : ::1 - /login : GET
12:06:22 PM : ::1 - /login : GET
12:06:22 PM : ::1 - /login : GET
12:06:22 PM : ::1 - /login : GET
12:06:22 PM : ::1 - /login : GET
12:06:22 PM : ::1 - /login : GET
12:06:22 PM : ::1 - /login : GET
12:06:22 PM : ::1 - /login : GET
12:06:22 PM : ::1 - /login : GET
12:06:22 PM : ::1 - /login : GET
12:06:22 PM : ::1 - /login : GET
12:06:22 PM : ::1 - /login : GET
12:06:22 PM : ::1 - /login : GET
12:06:22 PM : ::1 - /login : GET
12:06:22 PM : ::1 - /login : GET
12:06:22 PM : ::1 - /login : GET
12:06:22 PM : ::1 - /login : GET
12:06:27 PM : ::1 - /login : GET
12:06:27 PM : ::1 - /login : GET
12:06:27 PM : ::1 - /login : GET
12:06:27 PM : ::1 - /login : GET
12:06:27 PM : ::1 - /login : GET
12:06:27 PM : ::1 - /login : GET
12:06:27 PM : ::1 - /login : GET
12:06:27 PM : ::1 - /login : GET
12:06:27 PM : ::1 - /login : GET
12:06:27 PM : ::1 - /login : GET
12:06:27 PM : ::1 - /login : GET
12:06:27 PM : ::1 - /login : GET
12:06:27 PM : ::1 - /login : GET
12:06:27 PM : ::1 - /login : GET
12:06:27 PM : ::1 - /login : GET
12:06:27 PM : ::1 - /login : GET
12:06:27 PM : ::1 - /login : GET
12:06:27 PM : ::1 - /login : GET
12:06:27 PM : ::1 - /login : GET
12:06:27 PM : ::1 - /login : GET
12:06:38 PM : ::1 - /login : GET
12:06:38 PM : ::1 - /login : GET
12:06:38 PM : ::1 - /login : GET
12:06:38 PM : ::1 - /login : GET
12:06:38 PM : ::1 - /login : GET
12:06:38 PM : ::1 - /login : GET
12:06:38 PM : ::1 - /login : GET
12:06:38 PM : ::1 - /login : GET
12:06:38 PM : ::1 - /login : GET
12:06:38 PM : ::1 - /login : GET
12:06:38 PM : ::1 - /login : GET
12:06:38 PM : ::1 - /login : GET
12:06:38 PM : ::1 - /login : GET
12:06:38 PM : ::1 - /login : GET
12:06:38 PM : ::1 - /login : GET
12:06:38 PM : ::1 - /login : GET
12:06:38 PM : ::1 - /login : GET
12:06:38 PM : ::1 - /login : GET
12:06:38 PM : ::1 - /login : GET
12:06:38 PM : ::1 - /login : GET
12:06:48 PM : ::1 - / : GET
12:06:48 PM : ::1 - /login : GET
12:06:48 PM : ::1 - /login : GET
12:06:48 PM : ::1 - /login : GET
12:06:48 PM : ::1 - /login : GET
12:06:48 PM : ::1 - /login : GET
12:06:48 PM : ::1 - /login : GET
12:06:48 PM : ::1 - /login : GET
12:06:48 PM : ::1 - /login : GET
12:06:48 PM : ::1 - /login : GET
12:06:48 PM : ::1 - /login : GET
12:06:48 PM : ::1 - /login : GET
12:06:48 PM : ::1 - /login : GET
12:06:48 PM : ::1 - /login : GET
12:06:48 PM : ::1 - /login : GET
12:06:48 PM : ::1 - /login : GET
12:06:48 PM : ::1 - /login : GET
12:06:48 PM : ::1 - /login : GET
12:06:48 PM : ::1 - /login : GET
12:06:48 PM : ::1 - /login : GET
12:06:49 PM : ::1 - /login : GET
12:06:49 PM : ::1 - /login : GET
12:06:49 PM : ::1 - /login : GET
12:06:49 PM : ::1 - /login : GET
12:06:49 PM : ::1 - /login : GET
12:06:49 PM : ::1 - /login : GET
12:06:49 PM : ::1 - /login : GET
12:06:49 PM : ::1 - /login : GET
12:06:49 PM : ::1 - /login : GET
12:06:49 PM : ::1 - /login : GET
12:06:49 PM : ::1 - /login : GET
12:06:49 PM : ::1 - /login : GET
12:06:49 PM : ::1 - /login : GET
12:06:49 PM : ::1 - /login : GET
12:06:49 PM : ::1 - /login : GET
12:06:49 PM : ::1 - /login : GET
12:06:49 PM : ::1 - /login : GET
12:06:49 PM : ::1 - /login : GET
12:06:49 PM : ::1 - /login : GET
12:06:49 PM : ::1 - /login : GET
12:06:54 PM : ::1 - /login : GET
12:06:54 PM : ::1 - /login : GET
12:06:54 PM : ::1 - /login : GET
12:06:54 PM : ::1 - /login : GET
12:06:54 PM : ::1 - /login : GET
12:06:54 PM : ::1 - /login : GET
12:06:54 PM : ::1 - /login : GET
12:06:54 PM : ::1 - /login : GET
12:06:54 PM : ::1 - /login : GET
12:06:54 PM : ::1 - /login : GET
12:06:54 PM : ::1 - /login : GET
12:06:54 PM : ::1 - /login : GET
12:06:54 PM : ::1 - /login : GET
12:06:54 PM : ::1 - /login : GET
12:06:54 PM : ::1 - /login : GET
12:06:54 PM : ::1 - /login : GET
12:06:54 PM : ::1 - /login : GET
12:06:54 PM : ::1 - /login : GET
12:06:54 PM : ::1 - /login : GET
12:06:54 PM : ::1 - /login : GET
12:07:21 PM : ::1 - /signup : GET
12:07:21 PM : ::1 - /login : GET
12:07:21 PM : ::1 - /login : GET
12:07:21 PM : ::1 - /login : GET
12:07:21 PM : ::1 - /login : GET
12:07:21 PM : ::1 - /login : GET
12:07:21 PM : ::1 - /login : GET
12:07:21 PM : ::1 - /login : GET
12:07:21 PM : ::1 - /login : GET
12:07:21 PM : ::1 - /login : GET
12:07:21 PM : ::1 - /login : GET
12:07:21 PM : ::1 - /login : GET
12:07:21 PM : ::1 - /login : GET
12:07:21 PM : ::1 - /login : GET
12:07:21 PM : ::1 - /login : GET
12:07:21 PM : ::1 - /login : GET
12:07:21 PM : ::1 - /login : GET
12:07:21 PM : ::1 - /login : GET
12:07:21 PM : ::1 - /login : GET
12:07:21 PM : ::1 - /login : GET
12:07:21 PM : ::1 - /signup : GET
12:07:21 PM : ::1 - /login : GET
12:07:21 PM : ::1 - /login : GET
12:07:21 PM : ::1 - /login : GET
12:07:21 PM : ::1 - /login : GET
12:07:21 PM : ::1 - /login : GET
12:07:21 PM : ::1 - /login : GET
12:07:21 PM : ::1 - /login : GET
12:07:21 PM : ::1 - /login : GET
12:07:21 PM : ::1 - /login : GET
12:07:21 PM : ::1 - /login : GET
12:07:21 PM : ::1 - /login : GET
12:07:21 PM : ::1 - /login : GET
12:07:21 PM : ::1 - /login : GET
12:07:21 PM : ::1 - /login : GET
12:07:21 PM : ::1 - /login : GET
12:07:21 PM : ::1 - /login : GET
12:07:21 PM : ::1 - /login : GET
12:07:21 PM : ::1 - /login : GET
12:07:21 PM : ::1 - /login : GET
12:07:22 PM : ::1 - /login : GET
12:07:22 PM : ::1 - /login : GET
12:07:22 PM : ::1 - /login : GET
12:07:22 PM : ::1 - /login : GET
12:07:22 PM : ::1 - /login : GET
12:07:22 PM : ::1 - /login : GET
12:07:22 PM : ::1 - /login : GET
12:07:22 PM : ::1 - /login : GET
12:07:22 PM : ::1 - /login : GET
12:07:22 PM : ::1 - /login : GET
12:07:23 PM : ::1 - /login : GET
12:07:23 PM : ::1 - /login : GET
12:07:23 PM : ::1 - /login : GET
12:07:23 PM : ::1 - /login : GET
12:07:23 PM : ::1 - /login : GET
12:07:23 PM : ::1 - /login : GET
12:07:23 PM : ::1 - /login : GET
12:07:23 PM : ::1 - /login : GET
12:07:23 PM : ::1 - /login : GET
12:07:23 PM : ::1 - /login : GET
12:07:28 PM : ::1 - /login : GET
12:07:28 PM : ::1 - /login : GET
12:07:28 PM : ::1 - /login : GET
12:07:28 PM : ::1 - /login : GET
12:07:28 PM : ::1 - /login : GET
12:07:28 PM : ::1 - /login : GET
12:07:28 PM : ::1 - /login : GET
12:07:28 PM : ::1 - /login : GET
12:07:28 PM : ::1 - /login : GET
12:07:28 PM : ::1 - /login : GET
12:07:28 PM : ::1 - /login : GET
12:07:28 PM : ::1 - /login : GET
12:07:28 PM : ::1 - /login : GET
12:07:28 PM : ::1 - /login : GET
12:07:28 PM : ::1 - /login : GET
12:07:28 PM : ::1 - /login : GET
12:07:28 PM : ::1 - /login : GET
12:07:28 PM : ::1 - /login : GET
12:07:28 PM : ::1 - /login : GET
12:07:28 PM : ::1 - /login : GET
12:07:43 PM : ::1 - /login : GET
12:07:43 PM : ::1 - /favicon.ico : GET
12:07:48 PM : ::1 - /.well-known/appspecific/com.chrome.devtools.json : GET
12:07:58 PM : ::1 - /user/login : POST
12:07:58 PM : ::1 - / : GET
12:07:58 PM : ::1 - /login : GET
12:07:58 PM : ::1 - /.well-known/appspecific/com.chrome.devtools.json : GET
12:09:16 PM : ::1 - / : GET
12:09:16 PM : ::1 - /.well-known/appspecific/com.chrome.devtools.json : GET
12:09:53 PM : ::1 - / : GET
12:09:53 PM : ::1 - /.well-known/appspecific/com.chrome.devtools.json : GET
12:09:54 PM : ::1 - / : GET
12:09:54 PM : ::1 - /.well-known/appspecific/com.chrome.devtools.json : GET
12:09:55 PM : ::1 - / : GET
12:09:55 PM : ::1 - /.well-known/appspecific/com.chrome.devtools.json : GET
12:09:55 PM : ::1 - / : GET
12:09:55 PM : ::1 - /.well-known/appspecific/com.chrome.devtools.json : GET
12:09:55 PM : ::1 - / : GET
12:09:55 PM : ::1 - /.well-known/appspecific/com.chrome.devtools.json : GET
12:09:55 PM : ::1 - / : GET
12:09:56 PM : ::1 - /.well-known/appspecific/com.chrome.devtools.json : GET
12:09:56 PM : ::1 - / : GET
12:09:56 PM : ::1 - /.well-known/appspecific/com.chrome.devtools.json : GET
12:09:56 PM : ::1 - / : GET
12:09:56 PM : ::1 - /.well-known/appspecific/com.chrome.devtools.json : GET
12:09:56 PM : ::1 - / : GET
12:09:56 PM : ::1 - /.well-known/appspecific/com.chrome.devtools.json : GET
12:09:56 PM : ::1 - / : GET
12:09:57 PM : ::1 - /.well-known/appspecific/com.chrome.devtools.json : GET
12:09:57 PM : ::1 - / : GET
12:09:57 PM : ::1 - /.well-known/appspecific/com.chrome.devtools.json : GET
12:09:57 PM : ::1 - / : GET
12:09:57 PM : ::1 - /.well-known/appspecific/com.chrome.devtools.json : GET
12:11:28 PM : ::1 - / : GET
12:11:36 PM : ::1 - / : GET
12:11:36 PM : ::1 - /login : GET
12:11:39 PM : ::1 - /signup : GET
12:11:45 PM : ::1 - /user : POST
12:11:45 PM : ::1 - / : GET
12:11:45 PM : ::1 - /login : GET
12:11:52 PM : ::1 - /user/login : POST
12:11:52 PM : ::1 - / : GET
12:11:52 PM : ::1 - /login : GET
12:11:56 PM : ::1 - /.well-known/appspecific/com.chrome.devtools.json : GET
12:16:08 PM : ::1 - / : GET
12:16:08 PM : ::1 - /login : GET
12:16:13 PM : ::1 - / : GET
12:16:13 PM : ::1 - /login : GET
12:16:21 PM : ::1 - /user/login : POST
12:16:21 PM : ::1 - / : GET
12:16:21 PM : ::1 - /login : GET
12:16:25 PM : ::1 - /.well-known/appspecific/com.chrome.devtools.json : GET
12:16:46 PM : ::1 - /user/login : POST
12:16:46 PM : ::1 - / : GET
12:16:46 PM : ::1 - /login : GET
12:16:46 PM : ::1 - /.well-known/appspecific/com.chrome.devtools.json : GET
12:19:09 PM : ::1 - / : GET
12:19:09 PM : ::1 - /login : GET
12:19:09 PM : ::1 - /.well-known/appspecific/com.chrome.devtools.json : GET
12:19:13 PM : ::1 - /user/login : POST
12:19:13 PM : ::1 - / : GET
12:19:13 PM : ::1 - /login : GET
12:19:13 PM : ::1 - /.well-known/appspecific/com.chrome.devtools.json : GET
12:21:47 PM : ::1 - /login : GET
12:21:48 PM : ::1 - /.well-known/appspecific/com.chrome.devtools.json : GET
12:21:59 PM : ::1 - /user/login : GET
12:22:01 PM : ::1 - /user/login : POST
12:22:02 PM : ::1 - / : GET
12:22:02 PM : ::1 - /login : GET
12:22:02 PM : ::1 - /.well-known/appspecific/com.chrome.devtools.json : GET
12:22:12 PM : ::1 - /login : GET
12:22:13 PM : ::1 - /.well-known/appspecific/com.chrome.devtools.json : GET
12:22:17 PM : ::1 - /user/login : GET
12:22:20 PM : ::1 - /user/login : POST
12:22:20 PM : ::1 - / : GET
12:22:20 PM : ::1 - /login : GET
12:22:21 PM : ::1 - /.well-known/appspecific/com.chrome.devtools.json : GET
12:24:30 PM : ::1 - / : GET
12:24:31 PM : ::1 - /.well-known/appspecific/com.chrome.devtools.json : GET
12:25:23 PM : ::1 - / : GET
12:25:24 PM : ::1 - /.well-known/appspecific/com.chrome.devtools.json : GET
12:26:05 PM : ::1 - / : GET
12:26:06 PM : ::1 - /.well-known/appspecific/com.chrome.devtools.json : GET
12:26:06 PM : ::1 - / : GET
12:26:06 PM : ::1 - /.well-known/appspecific/com.chrome.devtools.json : GET
12:26:10 PM : ::1 - / : GET
12:26:10 PM : ::1 - /login : GET
12:26:10 PM : ::1 - /login : GET
12:26:10 PM : ::1 - /login : GET
12:26:10 PM : ::1 - /login : GET
12:26:10 PM : ::1 - /login : GET
12:26:10 PM : ::1 - /login : GET
12:26:10 PM : ::1 - /login : GET
12:26:10 PM : ::1 - /login : GET
12:26:10 PM : ::1 - /login : GET
12:26:10 PM : ::1 - /login : GET
12:26:10 PM : ::1 - /login : GET
12:26:10 PM : ::1 - /login : GET
12:26:10 PM : ::1 - /login : GET
12:26:10 PM : ::1 - /login : GET
12:26:10 PM : ::1 - /login : GET
12:26:10 PM : ::1 - /login : GET
12:26:10 PM : ::1 - /login : GET
12:26:10 PM : ::1 - /login : GET
12:26:10 PM : ::1 - /login : GET
12:26:12 PM : ::1 - /login : GET
12:26:12 PM : ::1 - /login : GET
12:26:12 PM : ::1 - /login : GET
12:26:12 PM : ::1 - /login : GET
12:26:12 PM : ::1 - /login : GET
12:26:12 PM : ::1 - /login : GET
12:26:12 PM : ::1 - /login : GET
12:26:12 PM : ::1 - /login : GET
12:26:12 PM : ::1 - /login : GET
12:26:12 PM : ::1 - /login : GET
12:26:12 PM : ::1 - /login : GET
12:26:12 PM : ::1 - /login : GET
12:26:12 PM : ::1 - /login : GET
12:26:12 PM : ::1 - /login : GET
12:26:12 PM : ::1 - /login : GET
12:26:12 PM : ::1 - /login : GET
12:26:12 PM : ::1 - /login : GET
12:26:12 PM : ::1 - /login : GET
12:26:12 PM : ::1 - /login : GET
12:26:12 PM : ::1 - /login : GET
12:26:16 PM : ::1 - /login : GET
12:26:16 PM : ::1 - /login : GET
12:26:16 PM : ::1 - /login : GET
12:26:16 PM : ::1 - /login : GET
12:26:16 PM : ::1 - /login : GET
12:26:16 PM : ::1 - /login : GET
12:26:16 PM : ::1 - /login : GET
12:26:16 PM : ::1 - /login : GET
12:26:16 PM : ::1 - /login : GET
12:26:16 PM : ::1 - /login : GET
12:26:16 PM : ::1 - /login : GET
12:26:16 PM : ::1 - /login : GET
12:26:16 PM : ::1 - /login : GET
12:26:16 PM : ::1 - /login : GET
12:26:16 PM : ::1 - /login : GET
12:26:16 PM : ::1 - /login : GET
12:26:16 PM : ::1 - /login : GET
12:26:16 PM : ::1 - /login : GET
12:26:16 PM : ::1 - /login : GET
12:26:16 PM : ::1 - /login : GET
12:26:18 PM : ::1 - / : GET
12:26:18 PM : ::1 - /login : GET
12:26:18 PM : ::1 - /login : GET
12:26:18 PM : ::1 - /login : GET
12:26:18 PM : ::1 - /login : GET
12:26:18 PM : ::1 - /login : GET
12:26:18 PM : ::1 - /login : GET
12:26:18 PM : ::1 - /login : GET
12:26:18 PM : ::1 - /login : GET
12:26:18 PM : ::1 - /login : GET
12:26:18 PM : ::1 - /login : GET
12:26:18 PM : ::1 - /login : GET
12:26:18 PM : ::1 - /login : GET
12:26:18 PM : ::1 - /login : GET
12:26:18 PM : ::1 - /login : GET
12:26:18 PM : ::1 - /login : GET
12:26:18 PM : ::1 - /login : GET
12:26:18 PM : ::1 - /login : GET
12:26:18 PM : ::1 - /login : GET
12:26:18 PM : ::1 - /login : GET
12:26:19 PM : ::1 - /login : GET
12:26:19 PM : ::1 - /login : GET
12:26:19 PM : ::1 - /login : GET
12:26:19 PM : ::1 - /login : GET
12:26:19 PM : ::1 - /login : GET
12:26:19 PM : ::1 - /login : GET
12:26:19 PM : ::1 - /login : GET
12:26:19 PM : ::1 - /login : GET
12:26:19 PM : ::1 - /login : GET
12:26:19 PM : ::1 - /login : GET
12:26:19 PM : ::1 - /login : GET
12:26:19 PM : ::1 - /login : GET
12:26:19 PM : ::1 - /login : GET
12:26:19 PM : ::1 - /login : GET
12:26:19 PM : ::1 - /login : GET
12:26:19 PM : ::1 - /login : GET
12:26:19 PM : ::1 - /login : GET
12:26:19 PM : ::1 - /login : GET
12:26:19 PM : ::1 - /login : GET
12:26:19 PM : ::1 - /login : GET
12:26:24 PM : ::1 - /login : GET
12:26:24 PM : ::1 - /login : GET
12:26:24 PM : ::1 - /login : GET
12:26:24 PM : ::1 - /login : GET
12:26:24 PM : ::1 - /login : GET
12:26:24 PM : ::1 - /login : GET
12:26:24 PM : ::1 - /login : GET
12:26:24 PM : ::1 - /login : GET
12:26:24 PM : ::1 - /login : GET
12:26:24 PM : ::1 - /login : GET
12:26:24 PM : ::1 - /login : GET
12:26:24 PM : ::1 - /login : GET
12:26:24 PM : ::1 - /login : GET
12:26:24 PM : ::1 - /login : GET
12:26:24 PM : ::1 - /login : GET
12:26:24 PM : ::1 - /login : GET
12:26:24 PM : ::1 - /login : GET
12:26:24 PM : ::1 - /login : GET
12:26:24 PM : ::1 - /login : GET
12:26:24 PM : ::1 - /login : GET
12:26:54 PM : ::1 - /login : GET
12:26:54 PM : ::1 - /login : GET
12:26:54 PM : ::1 - /login : GET
12:26:54 PM : ::1 - /login : GET
12:26:55 PM : ::1 - /login : GET
12:26:55 PM : ::1 - /login : GET
12:26:55 PM : ::1 - /login : GET
12:26:55 PM : ::1 - /login : GET
12:26:55 PM : ::1 - /login : GET
12:26:55 PM : ::1 - /login : GET
12:26:55 PM : ::1 - /login : GET
12:26:55 PM : ::1 - /login : GET
12:26:55 PM : ::1 - /login : GET
12:26:55 PM : ::1 - /login : GET
12:26:55 PM : ::1 - /login : GET
12:26:55 PM : ::1 - /login : GET
12:26:55 PM : ::1 - /login : GET
12:26:55 PM : ::1 - /login : GET
12:26:55 PM : ::1 - /login : GET
12:26:55 PM : ::1 - /login : GET
12:27:08 PM : ::1 - / : GET
12:27:08 PM : ::1 - /login : GET
12:27:08 PM : ::1 - /login : GET
12:27:08 PM : ::1 - /login : GET
12:27:08 PM : ::1 - /login : GET
12:27:08 PM : ::1 - /login : GET
12:27:08 PM : ::1 - /login : GET
12:27:08 PM : ::1 - /login : GET
12:27:08 PM : ::1 - /login : GET
12:27:08 PM : ::1 - /login : GET
12:27:08 PM : ::1 - /login : GET
12:27:08 PM : ::1 - /login : GET
12:27:08 PM : ::1 - /login : GET
12:27:08 PM : ::1 - /login : GET
12:27:08 PM : ::1 - /login : GET
12:27:08 PM : ::1 - /login : GET
12:27:08 PM : ::1 - /login : GET
12:27:08 PM : ::1 - /login : GET
12:27:08 PM : ::1 - /login : GET
12:27:08 PM : ::1 - /login : GET
12:27:10 PM : ::1 - /login : GET
12:27:10 PM : ::1 - /login : GET
12:27:10 PM : ::1 - /login : GET
12:27:10 PM : ::1 - /login : GET
12:27:10 PM : ::1 - /login : GET
12:27:10 PM : ::1 - /login : GET
12:27:10 PM : ::1 - /login : GET
12:27:10 PM : ::1 - /login : GET
12:27:10 PM : ::1 - /login : GET
12:27:10 PM : ::1 - /login : GET
12:27:10 PM : ::1 - /login : GET
12:27:10 PM : ::1 - /login : GET
12:27:10 PM : ::1 - /login : GET
12:27:10 PM : ::1 - /login : GET
12:27:10 PM : ::1 - /login : GET
12:27:10 PM : ::1 - /login : GET
12:27:10 PM : ::1 - /login : GET
12:27:10 PM : ::1 - /login : GET
12:27:10 PM : ::1 - /login : GET
12:27:10 PM : ::1 - /login : GET
12:27:15 PM : ::1 - /login : GET
12:27:15 PM : ::1 - /login : GET
12:27:15 PM : ::1 - /login : GET
12:27:15 PM : ::1 - /login : GET
12:27:15 PM : ::1 - /login : GET
12:27:15 PM : ::1 - /login : GET
12:27:15 PM : ::1 - /login : GET
12:27:15 PM : ::1 - /login : GET
12:27:15 PM : ::1 - /login : GET
12:27:15 PM : ::1 - /login : GET
12:27:15 PM : ::1 - /login : GET
12:27:15 PM : ::1 - /login : GET
12:27:15 PM : ::1 - /login : GET
12:27:15 PM : ::1 - /login : GET
12:27:15 PM : ::1 - /login : GET
12:27:15 PM : ::1 - /login : GET
12:27:15 PM : ::1 - /login : GET
12:27:15 PM : ::1 - /login : GET
12:27:15 PM : ::1 - /login : GET
12:27:15 PM : ::1 - /login : GET
12:27:45 PM : ::1 - /login : GET
12:27:45 PM : ::1 - /login : GET
12:27:45 PM : ::1 - /login : GET
12:27:45 PM : ::1 - /login : GET
12:27:45 PM : ::1 - /login : GET
12:27:45 PM : ::1 - /login : GET
12:27:45 PM : ::1 - /login : GET
12:27:45 PM : ::1 - /login : GET
12:27:45 PM : ::1 - /login : GET
12:27:45 PM : ::1 - /login : GET
12:27:45 PM : ::1 - /login : GET
12:27:45 PM : ::1 - /login : GET
12:27:45 PM : ::1 - /login : GET
12:27:45 PM : ::1 - /login : GET
12:27:45 PM : ::1 - /login : GET
12:27:45 PM : ::1 - /login : GET
12:27:45 PM : ::1 - /login : GET
12:27:45 PM : ::1 - /login : GET
12:27:45 PM : ::1 - /login : GET
12:27:45 PM : ::1 - /login : GET
12:28:31 PM : ::1 - /signup : GET
12:28:31 PM : ::1 - /login : GET
12:28:31 PM : ::1 - /login : GET
12:28:31 PM : ::1 - /login : GET
12:28:31 PM : ::1 - /login : GET
12:28:31 PM : ::1 - /login : GET
12:28:31 PM : ::1 - /login : GET
12:28:31 PM : ::1 - /login : GET
12:28:31 PM : ::1 - /login : GET
12:28:31 PM : ::1 - /login : GET
12:28:31 PM : ::1 - /login : GET
12:28:31 PM : ::1 - /login : GET
12:28:31 PM : ::1 - /login : GET
12:28:31 PM : ::1 - /login : GET
12:28:31 PM : ::1 - /login : GET
12:28:31 PM : ::1 - /login : GET
12:28:31 PM : ::1 - /login : GET
12:28:31 PM : ::1 - /login : GET
12:28:31 PM : ::1 - /login : GET
12:28:31 PM : ::1 - /login : GET
12:28:32 PM : ::1 - /login : GET
12:28:32 PM : ::1 - /login : GET
12:28:32 PM : ::1 - /login : GET
12:28:32 PM : ::1 - /login : GET
12:28:32 PM : ::1 - /login : GET
12:28:32 PM : ::1 - /login : GET
12:28:32 PM : ::1 - /login : GET
12:28:32 PM : ::1 - /login : GET
12:28:32 PM : ::1 - /login : GET
12:28:32 PM : ::1 - /login : GET
12:28:32 PM : ::1 - /login : GET
12:28:32 PM : ::1 - /login : GET
12:28:32 PM : ::1 - /login : GET
12:28:32 PM : ::1 - /login : GET
12:28:32 PM : ::1 - /login : GET
12:28:32 PM : ::1 - /login : GET
12:28:32 PM : ::1 - /login : GET
12:28:32 PM : ::1 - /login : GET
12:28:32 PM : ::1 - /login : GET
12:28:33 PM : ::1 - /login : GET
12:28:38 PM : ::1 - /login : GET
12:28:38 PM : ::1 - /login : GET
12:28:38 PM : ::1 - /login : GET
12:28:38 PM : ::1 - /login : GET
12:28:38 PM : ::1 - /login : GET
12:28:38 PM : ::1 - /login : GET
12:28:38 PM : ::1 - /login : GET
12:28:38 PM : ::1 - /login : GET
12:28:38 PM : ::1 - /login : GET
12:28:38 PM : ::1 - /login : GET
12:28:38 PM : ::1 - /login : GET
12:28:38 PM : ::1 - /login : GET
12:28:38 PM : ::1 - /login : GET
12:28:38 PM : ::1 - /login : GET
12:28:38 PM : ::1 - /login : GET
12:28:38 PM : ::1 - /login : GET
12:28:38 PM : ::1 - /login : GET
12:28:38 PM : ::1 - /login : GET
12:28:38 PM : ::1 - /login : GET
12:28:38 PM : ::1 - /login : GET
12:28:52 PM : ::1 - /url/ : GET
12:28:52 PM : ::1 - /login : GET
12:28:52 PM : ::1 - /login : GET
12:28:52 PM : ::1 - /login : GET
12:28:52 PM : ::1 - /login : GET
12:28:52 PM : ::1 - /login : GET
12:28:52 PM : ::1 - /login : GET
12:28:52 PM : ::1 - /login : GET
12:28:52 PM : ::1 - /login : GET
12:28:52 PM : ::1 - /login : GET
12:28:52 PM : ::1 - /login : GET
12:28:52 PM : ::1 - /login : GET
12:28:52 PM : ::1 - /login : GET
12:28:52 PM : ::1 - /login : GET
12:28:52 PM : ::1 - /login : GET
12:28:52 PM : ::1 - /login : GET
12:28:52 PM : ::1 - /login : GET
12:28:52 PM : ::1 - /login : GET
12:28:52 PM : ::1 - /login : GET
12:28:52 PM : ::1 - /login : GET
12:28:53 PM : ::1 - /login : GET
12:28:53 PM : ::1 - /login : GET
12:28:53 PM : ::1 - /login : GET
12:28:54 PM : ::1 - /login : GET
12:28:54 PM : ::1 - /login : GET
12:28:54 PM : ::1 - /login : GET
12:28:54 PM : ::1 - /login : GET
12:28:54 PM : ::1 - /login : GET
12:28:54 PM : ::1 - /login : GET
12:28:54 PM : ::1 - /login : GET
12:28:54 PM : ::1 - /login : GET
12:28:54 PM : ::1 - /login : GET
12:28:54 PM : ::1 - /login : GET
12:28:54 PM : ::1 - /login : GET
12:28:54 PM : ::1 - /login : GET
12:28:54 PM : ::1 - /login : GET
12:28:54 PM : ::1 - /login : GET
12:28:54 PM : ::1 - /login : GET
12:28:54 PM : ::1 - /login : GET
12:28:54 PM : ::1 - /login : GET
12:28:59 PM : ::1 - /login : GET
12:28:59 PM : ::1 - /login : GET
12:28:59 PM : ::1 - /login : GET
12:28:59 PM : ::1 - /login : GET
12:28:59 PM : ::1 - /login : GET
12:28:59 PM : ::1 - /login : GET
12:28:59 PM : ::1 - /login : GET
12:28:59 PM : ::1 - /login : GET
12:28:59 PM : ::1 - /login : GET
12:28:59 PM : ::1 - /login : GET
12:28:59 PM : ::1 - /login : GET
12:28:59 PM : ::1 - /login : GET
12:28:59 PM : ::1 - /login : GET
12:28:59 PM : ::1 - /login : GET
12:28:59 PM : ::1 - /login : GET
12:28:59 PM : ::1 - /login : GET
12:28:59 PM : ::1 - /login : GET
12:28:59 PM : ::1 - /login : GET
12:28:59 PM : ::1 - /login : GET
12:28:59 PM : ::1 - /login : GET
12:29:29 PM : ::1 - /login : GET
12:29:29 PM : ::1 - /login : GET
12:29:29 PM : ::1 - /login : GET
12:29:29 PM : ::1 - /login : GET
12:29:29 PM : ::1 - /login : GET
12:29:29 PM : ::1 - /login : GET
12:29:29 PM : ::1 - /login : GET
12:29:29 PM : ::1 - /login : GET
12:29:29 PM : ::1 - /login : GET
12:29:29 PM : ::1 - /login : GET
12:29:29 PM : ::1 - /login : GET
12:29:29 PM : ::1 - /login : GET
12:29:29 PM : ::1 - /login : GET
12:29:29 PM : ::1 - /login : GET
12:29:29 PM : ::1 - /login : GET
12:29:29 PM : ::1 - /login : GET
12:29:29 PM : ::1 - /login : GET
12:29:29 PM : ::1 - /login : GET
12:29:29 PM : ::1 - /login : GET
12:29:29 PM : ::1 - /login : GET
12:30:09 PM : ::1 - / : GET
12:30:09 PM : ::1 - /login : GET
12:30:09 PM : ::1 - /login : GET
12:30:09 PM : ::1 - /login : GET
12:30:09 PM : ::1 - /login : GET
12:30:09 PM : ::1 - /login : GET
12:30:09 PM : ::1 - /login : GET
12:30:09 PM : ::1 - /login : GET
12:30:09 PM : ::1 - /login : GET
12:30:09 PM : ::1 - /login : GET
12:30:09 PM : ::1 - /login : GET
12:30:09 PM : ::1 - /login : GET
12:30:09 PM : ::1 - /login : GET
12:30:09 PM : ::1 - /login : GET
12:30:09 PM : ::1 - /login : GET
12:30:09 PM : ::1 - /login : GET
12:30:09 PM : ::1 - /login : GET
12:30:09 PM : ::1 - /login : GET
12:30:09 PM : ::1 - /login : GET
12:30:09 PM : ::1 - /login : GET
12:30:10 PM : ::1 - /login : GET
12:30:10 PM : ::1 - /login : GET
12:30:10 PM : ::1 - /login : GET
12:30:10 PM : ::1 - /login : GET
12:30:10 PM : ::1 - /login : GET
12:30:10 PM : ::1 - /login : GET
12:30:10 PM : ::1 - /login : GET
12:30:10 PM : ::1 - /login : GET
12:30:10 PM : ::1 - /login : GET
12:30:10 PM : ::1 - /login : GET
12:30:10 PM : ::1 - /login : GET
12:30:10 PM : ::1 - /login : GET
12:30:10 PM : ::1 - /login : GET
12:30:10 PM : ::1 - /login : GET
12:30:10 PM : ::1 - /login : GET
12:30:10 PM : ::1 - /login : GET
12:30:10 PM : ::1 - /login : GET
12:30:10 PM : ::1 - /login : GET
12:30:10 PM : ::1 - /login : GET
12:30:10 PM : ::1 - /login : GET
12:30:11 PM : ::1 - /login : GET
12:30:11 PM : ::1 - /login : GET
12:30:11 PM : ::1 - /login : GET
12:30:11 PM : ::1 - /login : GET
12:30:11 PM : ::1 - /login : GET
12:30:11 PM : ::1 - /login : GET
12:30:11 PM : ::1 - /login : GET
12:30:11 PM : ::1 - /login : GET
12:30:11 PM : ::1 - /login : GET
12:30:11 PM : ::1 - /login : GET
12:30:11 PM : ::1 - /login : GET
12:30:11 PM : ::1 - /login : GET
12:30:11 PM : ::1 - /login : GET
12:30:11 PM : ::1 - /login : GET
12:30:11 PM : ::1 - /login : GET
12:30:11 PM : ::1 - /login : GET
12:30:11 PM : ::1 - /login : GET
12:30:11 PM : ::1 - /login : GET
12:30:11 PM : ::1 - /login : GET
12:30:12 PM : ::1 - /login : GET
12:30:13 PM : ::1 - /login : GET
12:30:13 PM : ::1 - /login : GET
12:30:13 PM : ::1 - /login : GET
12:30:13 PM : ::1 - /login : GET
12:30:13 PM : ::1 - /login : GET
12:30:13 PM : ::1 - /login : GET
12:30:13 PM : ::1 - /login : GET
12:30:13 PM : ::1 - /login : GET
12:30:13 PM : ::1 - /login : GET
12:30:13 PM : ::1 - /login : GET
12:30:13 PM : ::1 - /login : GET
12:30:13 PM : ::1 - /login : GET
12:30:13 PM : ::1 - /login : GET
12:30:13 PM : ::1 - /login : GET
12:30:13 PM : ::1 - /login : GET
12:30:13 PM : ::1 - /login : GET
12:30:13 PM : ::1 - /login : GET
12:30:13 PM : ::1 - /login : GET
12:30:13 PM : ::1 - /login : GET
12:30:13 PM : ::1 - /login : GET
12:30:13 PM : ::1 - /login : GET
12:30:13 PM : ::1 - /login : GET
12:30:13 PM : ::1 - /login : GET
12:30:13 PM : ::1 - /login : GET
12:30:13 PM : ::1 - /login : GET
12:30:13 PM : ::1 - /login : GET
12:30:14 PM : ::1 - /login : GET
12:30:14 PM : ::1 - /login : GET
12:30:14 PM : ::1 - /login : GET
12:30:14 PM : ::1 - /login : GET
12:30:14 PM : ::1 - /login : GET
12:30:14 PM : ::1 - /login : GET
12:30:14 PM : ::1 - /login : GET
12:30:14 PM : ::1 - /login : GET
12:30:14 PM : ::1 - /login : GET
12:30:14 PM : ::1 - /login : GET
12:30:14 PM : ::1 - /login : GET
12:30:14 PM : ::1 - /login : GET
12:30:14 PM : ::1 - /login : GET
12:30:14 PM : ::1 - /login : GET
12:30:14 PM : ::1 - /login : GET
12:30:14 PM : ::1 - /login : GET
12:30:14 PM : ::1 - /login : GET
12:30:14 PM : ::1 - /login : GET
12:30:14 PM : ::1 - /login : GET
12:30:14 PM : ::1 - /login : GET
12:30:14 PM : ::1 - /login : GET
12:30:14 PM : ::1 - /login : GET
12:30:14 PM : ::1 - /login : GET
12:30:14 PM : ::1 - /login : GET
12:30:14 PM : ::1 - /login : GET
12:30:14 PM : ::1 - /login : GET
12:30:14 PM : ::1 - /login : GET
12:30:14 PM : ::1 - /login : GET
12:30:14 PM : ::1 - /login : GET
12:30:14 PM : ::1 - /login : GET
12:30:14 PM : ::1 - /login : GET
12:30:14 PM : ::1 - /login : GET
12:30:14 PM : ::1 - /login : GET
12:30:14 PM : ::1 - /login : GET
12:30:14 PM : ::1 - /login : GET
12:30:14 PM : ::1 - /login : GET
12:30:14 PM : ::1 - /login : GET
12:30:14 PM : ::1 - /login : GET
12:30:14 PM : ::1 - /login : GET
12:30:14 PM : ::1 - /login : GET
12:30:14 PM : ::1 - /login : GET
12:30:14 PM : ::1 - /login : GET
12:30:14 PM : ::1 - /login : GET
12:30:14 PM : ::1 - /login : GET
12:30:14 PM : ::1 - /login : GET
12:30:14 PM : ::1 - /login : GET
12:30:14 PM : ::1 - /login : GET
12:30:14 PM : ::1 - /login : GET
12:30:14 PM : ::1 - /login : GET
12:30:14 PM : ::1 - /login : GET
12:30:19 PM : ::1 - /login : GET
12:30:19 PM : ::1 - /login : GET
12:30:19 PM : ::1 - /login : GET
12:30:19 PM : ::1 - /login : GET
12:30:19 PM : ::1 - /login : GET
12:30:19 PM : ::1 - /login : GET
12:30:19 PM : ::1 - /login : GET
12:30:19 PM : ::1 - /login : GET
12:30:19 PM : ::1 - /login : GET
12:30:19 PM : ::1 - /login : GET
12:30:19 PM : ::1 - /login : GET
12:30:19 PM : ::1 - /login : GET
12:30:19 PM : ::1 - /login : GET
12:30:19 PM : ::1 - /login : GET
12:30:19 PM : ::1 - /login : GET
12:30:19 PM : ::1 - /login : GET
12:30:19 PM : ::1 - /login : GET
12:30:19 PM : ::1 - /login : GET
12:30:19 PM : ::1 - /login : GET
12:30:19 PM : ::1 - /login : GET
12:30:49 PM : ::1 - /login : GET
12:30:49 PM : ::1 - /login : GET
12:30:49 PM : ::1 - /login : GET
12:30:49 PM : ::1 - /login : GET
12:30:49 PM : ::1 - /login : GET
12:30:49 PM : ::1 - /login : GET
12:30:49 PM : ::1 - /login : GET
12:30:49 PM : ::1 - /login : GET
12:30:49 PM : ::1 - /login : GET
12:30:49 PM : ::1 - /login : GET
12:30:49 PM : ::1 - /login : GET
12:30:49 PM : ::1 - /login : GET
12:30:49 PM : ::1 - /login : GET
12:30:49 PM : ::1 - /login : GET
12:30:49 PM : ::1 - /login : GET
12:30:49 PM : ::1 - /login : GET
12:30:49 PM : ::1 - /login : GET
12:30:49 PM : ::1 - /login : GET
12:30:49 PM : ::1 - /login : GET
12:30:49 PM : ::1 - /login : GET
12:31:49 PM : ::1 - /login : GET
12:31:49 PM : ::1 - /login : GET
12:31:49 PM : ::1 - /login : GET
12:31:49 PM : ::1 - /login : GET
12:31:49 PM : ::1 - /login : GET
12:31:49 PM : ::1 - /login : GET
12:31:49 PM : ::1 - /login : GET
12:31:49 PM : ::1 - /login : GET
12:31:49 PM : ::1 - /login : GET
12:31:49 PM : ::1 - /login : GET
12:31:49 PM : ::1 - /login : GET
12:31:50 PM : ::1 - /login : GET
12:31:50 PM : ::1 - /login : GET
12:31:50 PM : ::1 - /login : GET
12:31:50 PM : ::1 - /login : GET
12:31:50 PM : ::1 - /login : GET
12:31:50 PM : ::1 - /login : GET
12:31:50 PM : ::1 - /login : GET
12:31:50 PM : ::1 - /login : GET
12:31:50 PM : ::1 - /login : GET
12:31:59 PM : ::1 - / : GET
12:31:59 PM : ::1 - /login : GET
12:31:59 PM : ::1 - /login : GET
12:31:59 PM : ::1 - /login : GET
12:31:59 PM : ::1 - /login : GET
12:31:59 PM : ::1 - /login : GET
12:31:59 PM : ::1 - /login : GET
12:31:59 PM : ::1 - /login : GET
12:31:59 PM : ::1 - /login : GET
12:31:59 PM : ::1 - /login : GET
12:31:59 PM : ::1 - /login : GET
12:31:59 PM : ::1 - /login : GET
12:31:59 PM : ::1 - /login : GET
12:31:59 PM : ::1 - /login : GET
12:31:59 PM : ::1 - /login : GET
12:31:59 PM : ::1 - /login : GET
12:31:59 PM : ::1 - /login : GET
12:31:59 PM : ::1 - /login : GET
12:31:59 PM : ::1 - /login : GET
12:31:59 PM : ::1 - /login : GET
12:32:00 PM : ::1 - /login : GET
12:32:00 PM : ::1 - /login : GET
12:32:00 PM : ::1 - /login : GET
12:32:00 PM : ::1 - /login : GET
12:32:00 PM : ::1 - /login : GET
12:32:00 PM : ::1 - /login : GET
12:32:00 PM : ::1 - /login : GET
12:32:00 PM : ::1 - /login : GET
12:32:00 PM : ::1 - /login : GET
12:32:00 PM : ::1 - /login : GET
12:32:00 PM : ::1 - /login : GET
12:32:00 PM : ::1 - /login : GET
12:32:00 PM : ::1 - /login : GET
12:32:00 PM : ::1 - /login : GET
12:32:00 PM : ::1 - /login : GET
12:32:00 PM : ::1 - /login : GET
12:32:00 PM : ::1 - /login : GET
12:32:00 PM : ::1 - /login : GET
12:32:00 PM : ::1 - /login : GET
12:32:00 PM : ::1 - /login : GET
12:32:06 PM : ::1 - /login : GET
12:32:07 PM : ::1 - /login : GET
12:32:07 PM : ::1 - /login : GET
12:32:07 PM : ::1 - /login : GET
12:32:07 PM : ::1 - /login : GET
12:32:07 PM : ::1 - /login : GET
12:32:07 PM : ::1 - /login : GET
12:32:07 PM : ::1 - /login : GET
12:32:07 PM : ::1 - /login : GET
12:32:07 PM : ::1 - /login : GET
12:32:07 PM : ::1 - /login : GET
12:32:07 PM : ::1 - /login : GET
12:32:07 PM : ::1 - /login : GET
12:32:07 PM : ::1 - /login : GET
12:32:07 PM : ::1 - /login : GET
12:32:07 PM : ::1 - /login : GET
12:32:07 PM : ::1 - /login : GET
12:32:07 PM : ::1 - /login : GET
12:32:07 PM : ::1 - /login : GET
12:32:07 PM : ::1 - /login : GET
12:32:09 PM : ::1 - /login : GET
12:32:09 PM : ::1 - /login : GET
12:32:09 PM : ::1 - /login : GET
12:32:09 PM : ::1 - /login : GET
12:32:09 PM : ::1 - /login : GET
12:32:09 PM : ::1 - /login : GET
12:32:09 PM : ::1 - /login : GET
12:32:09 PM : ::1 - /login : GET
12:32:09 PM : ::1 - /login : GET
12:32:09 PM : ::1 - /login : GET
12:32:09 PM : ::1 - /login : GET
12:32:09 PM : ::1 - /login : GET
12:32:09 PM : ::1 - /login : GET
12:32:09 PM : ::1 - /login : GET
12:32:09 PM : ::1 - /login : GET
12:32:09 PM : ::1 - /login : GET
12:32:09 PM : ::1 - /login : GET
12:32:09 PM : ::1 - /login : GET
12:32:09 PM : ::1 - /login : GET
12:32:09 PM : ::1 - /login : GET
12:32:10 PM : ::1 - /login : GET
12:32:10 PM : ::1 - /login : GET
12:32:10 PM : ::1 - /login : GET
12:32:10 PM : ::1 - /login : GET
12:32:10 PM : ::1 - /login : GET
12:32:10 PM : ::1 - /login : GET
12:32:10 PM : ::1 - /login : GET
12:32:10 PM : ::1 - /login : GET
12:32:10 PM : ::1 - /login : GET
12:32:10 PM : ::1 - /login : GET
12:32:10 PM : ::1 - /login : GET
12:32:10 PM : ::1 - /login : GET
12:32:10 PM : ::1 - /login : GET
12:32:10 PM : ::1 - /login : GET
12:32:10 PM : ::1 - /login : GET
12:32:11 PM : ::1 - /login : GET
12:32:11 PM : ::1 - /login : GET
12:32:11 PM : ::1 - /login : GET
12:32:11 PM : ::1 - /login : GET
12:32:11 PM : ::1 - /login : GET
12:32:16 PM : ::1 - /login : GET
12:32:16 PM : ::1 - /login : GET
12:32:16 PM : ::1 - /login : GET
12:32:16 PM : ::1 - /login : GET
12:32:16 PM : ::1 - /login : GET
12:32:16 PM : ::1 - /login : GET
12:32:16 PM : ::1 - /login : GET
12:32:16 PM : ::1 - /login : GET
12:32:16 PM : ::1 - /login : GET
12:32:16 PM : ::1 - /login : GET
12:32:16 PM : ::1 - /login : GET
12:32:16 PM : ::1 - /login : GET
12:32:16 PM : ::1 - /login : GET
12:32:16 PM : ::1 - /login : GET
12:32:16 PM : ::1 - /login : GET
12:32:16 PM : ::1 - /login : GET
12:32:16 PM : ::1 - /login : GET
12:32:16 PM : ::1 - /login : GET
12:32:16 PM : ::1 - /login : GET
12:32:16 PM : ::1 - /login : GET
12:32:35 PM : ::1 - /login : GET
12:32:35 PM : ::1 - /login : GET
12:32:35 PM : ::1 - /login : GET
12:32:35 PM : ::1 - /login : GET
12:32:35 PM : ::1 - /login : GET
12:32:35 PM : ::1 - /login : GET
12:32:35 PM : ::1 - /login : GET
12:32:35 PM : ::1 - /login : GET
12:32:35 PM : ::1 - /login : GET
12:32:35 PM : ::1 - /login : GET
12:32:35 PM : ::1 - /login : GET
12:32:35 PM : ::1 - /login : GET
12:32:35 PM : ::1 - /login : GET
12:32:35 PM : ::1 - /login : GET
12:32:35 PM : ::1 - /login : GET
12:32:35 PM : ::1 - /login : GET
12:32:35 PM : ::1 - /login : GET
12:32:35 PM : ::1 - /login : GET
12:32:35 PM : ::1 - /login : GET
12:32:35 PM : ::1 - /login : GET
12:32:36 PM : ::1 - /login : GET
12:32:36 PM : ::1 - /login : GET
12:32:36 PM : ::1 - /login : GET
12:32:36 PM : ::1 - /login : GET
12:32:36 PM : ::1 - /login : GET
12:32:36 PM : ::1 - /login : GET
12:32:36 PM : ::1 - /login : GET
12:32:36 PM : ::1 - /login : GET
12:32:36 PM : ::1 - /login : GET
12:32:36 PM : ::1 - /login : GET
12:32:37 PM : ::1 - /login : GET
12:32:37 PM : ::1 - /login : GET
12:32:37 PM : ::1 - /login : GET
12:32:37 PM : ::1 - /login : GET
12:32:37 PM : ::1 - /login : GET
12:32:37 PM : ::1 - /login : GET
12:32:37 PM : ::1 - /login : GET
12:32:37 PM : ::1 - /login : GET
12:32:37 PM : ::1 - /login : GET
12:32:37 PM : ::1 - /login : GET
12:32:42 PM : ::1 - /login : GET
12:32:42 PM : ::1 - /login : GET
12:32:42 PM : ::1 - /login : GET
12:32:42 PM : ::1 - /login : GET
12:32:42 PM : ::1 - /login : GET
12:32:42 PM : ::1 - /login : GET
12:32:42 PM : ::1 - /login : GET
12:32:42 PM : ::1 - /login : GET
12:32:42 PM : ::1 - /login : GET
12:32:42 PM : ::1 - /login : GET
12:32:42 PM : ::1 - /login : GET
12:32:42 PM : ::1 - /login : GET
12:32:42 PM : ::1 - /login : GET
12:32:42 PM : ::1 - /login : GET
12:32:42 PM : ::1 - /login : GET
12:32:42 PM : ::1 - /login : GET
12:32:42 PM : ::1 - /login : GET
12:32:42 PM : ::1 - /login : GET
12:32:42 PM : ::1 - /login : GET
12:32:42 PM : ::1 - /login : GET
12:32:54 PM : ::1 - /user/login : GET
12:32:54 PM : ::1 - /login : GET
12:32:54 PM : ::1 - /login : GET
12:32:54 PM : ::1 - /login : GET
12:32:54 PM : ::1 - /login : GET
12:32:54 PM : ::1 - /login : GET
12:32:54 PM : ::1 - /login : GET
12:32:54 PM : ::1 - /login : GET
12:32:54 PM : ::1 - /login : GET
12:32:54 PM : ::1 - /login : GET
12:32:54 PM : ::1 - /login : GET
12:32:54 PM : ::1 - /login : GET
12:32:54 PM : ::1 - /login : GET
12:32:54 PM : ::1 - /login : GET
12:32:54 PM : ::1 - /login : GET
12:32:54 PM : ::1 - /login : GET
12:32:54 PM : ::1 - /login : GET
12:32:54 PM : ::1 - /login : GET
12:32:54 PM : ::1 - /login : GET
12:32:54 PM : ::1 - /login : GET
12:32:55 PM : ::1 - /login : GET
12:32:55 PM : ::1 - /login : GET
12:32:55 PM : ::1 - /login : GET
12:32:55 PM : ::1 - /login : GET
12:32:55 PM : ::1 - /login : GET
12:32:55 PM : ::1 - /login : GET
12:32:55 PM : ::1 - /login : GET
12:32:55 PM : ::1 - /login : GET
12:32:55 PM : ::1 - /login : GET
12:32:55 PM : ::1 - /login : GET
12:32:55 PM : ::1 - /login : GET
12:32:55 PM : ::1 - /login : GET
12:32:55 PM : ::1 - /login : GET
12:32:55 PM : ::1 - /login : GET
12:32:55 PM : ::1 - /login : GET
12:32:55 PM : ::1 - /login : GET
12:32:55 PM : ::1 - /login : GET
12:32:55 PM : ::1 - /login : GET
12:32:55 PM : ::1 - /login : GET
12:32:55 PM : ::1 - /login : GET
12:33:00 PM : ::1 - /login : GET
12:33:00 PM : ::1 - /login : GET
12:33:00 PM : ::1 - /login : GET
12:33:00 PM : ::1 - /login : GET
12:33:00 PM : ::1 - /login : GET
12:33:00 PM : ::1 - /login : GET
12:33:00 PM : ::1 - /login : GET
12:33:00 PM : ::1 - /login : GET
12:33:00 PM : ::1 - /login : GET
12:33:00 PM : ::1 - /login : GET
12:33:00 PM : ::1 - /login : GET
12:33:00 PM : ::1 - /login : GET
12:33:01 PM : ::1 - /login : GET
12:33:01 PM : ::1 - /login : GET
12:33:01 PM : ::1 - /login : GET
12:33:01 PM : ::1 - /login : GET
12:33:01 PM : ::1 - /login : GET
12:33:01 PM : ::1 - /login : GET
12:33:01 PM : ::1 - /login : GET
12:33:01 PM : ::1 - /login : GET
12:33:31 PM : ::1 - /login : GET
12:33:31 PM : ::1 - /login : GET
12:33:31 PM : ::1 - /login : GET
12:33:31 PM : ::1 - /login : GET
12:33:31 PM : ::1 - /login : GET
12:33:31 PM : ::1 - /login : GET
12:33:31 PM : ::1 - /login : GET
12:33:31 PM : ::1 - /login : GET
12:33:31 PM : ::1 - /login : GET
12:33:31 PM : ::1 - /login : GET
12:33:31 PM : ::1 - /login : GET
12:33:31 PM : ::1 - /login : GET
12:33:31 PM : ::1 - /login : GET
12:33:31 PM : ::1 - /login : GET
12:33:31 PM : ::1 - /login : GET
12:33:31 PM : ::1 - /login : GET
12:33:31 PM : ::1 - /login : GET
12:33:31 PM : ::1 - /login : GET
12:33:31 PM : ::1 - /login : GET
12:33:31 PM : ::1 - /login : GET
12:34:04 PM : ::1 - /login : GET
12:34:04 PM : ::1 - /login : GET
12:34:04 PM : ::1 - /login : GET
12:34:04 PM : ::1 - /login : GET
12:34:04 PM : ::1 - /login : GET
12:34:04 PM : ::1 - /login : GET
12:34:04 PM : ::1 - /login : GET
12:34:04 PM : ::1 - /login : GET
12:34:04 PM : ::1 - /login : GET
12:34:04 PM : ::1 - /login : GET
12:34:04 PM : ::1 - /login : GET
12:34:04 PM : ::1 - /login : GET
12:34:04 PM : ::1 - /login : GET
12:34:04 PM : ::1 - /login : GET
12:34:04 PM : ::1 - /login : GET
12:34:04 PM : ::1 - /login : GET
12:34:04 PM : ::1 - /login : GET
12:34:04 PM : ::1 - /login : GET
12:34:04 PM : ::1 - /login : GET
12:34:04 PM : ::1 - /login : GET
12:34:04 PM : ::1 - /login : GET
12:34:04 PM : ::1 - /login : GET
12:34:04 PM : ::1 - /login : GET
12:34:04 PM : ::1 - /login : GET
12:34:04 PM : ::1 - /login : GET
12:34:04 PM : ::1 - /login : GET
12:34:04 PM : ::1 - /login : GET
12:34:04 PM : ::1 - /login : GET
12:34:04 PM : ::1 - /login : GET
12:34:04 PM : ::1 - /login : GET
12:34:04 PM : ::1 - /login : GET
12:34:04 PM : ::1 - /login : GET
12:34:04 PM : ::1 - /login : GET
12:34:04 PM : ::1 - /login : GET
12:34:04 PM : ::1 - /login : GET
12:34:04 PM : ::1 - /login : GET
12:34:04 PM : ::1 - /login : GET
12:34:04 PM : ::1 - /login : GET
12:34:05 PM : ::1 - /login : GET
12:34:05 PM : ::1 - /login : GET
12:34:05 PM : ::1 - /login : GET
12:34:05 PM : ::1 - /login : GET
12:34:05 PM : ::1 - /login : GET
12:34:05 PM : ::1 - /login : GET
12:34:05 PM : ::1 - /login : GET
12:34:05 PM : ::1 - /login : GET
12:34:05 PM : ::1 - /login : GET
12:34:05 PM : ::1 - /login : GET
12:34:05 PM : ::1 - /login : GET
12:34:05 PM : ::1 - /login : GET
12:34:05 PM : ::1 - /login : GET
12:34:05 PM : ::1 - /login : GET
12:34:05 PM : ::1 - /login : GET
12:34:05 PM : ::1 - /login : GET
12:34:05 PM : ::1 - /login : GET
12:34:05 PM : ::1 - /login : GET
12:34:05 PM : ::1 - /login : GET
12:34:05 PM : ::1 - /login : GET
12:35:02 PM : ::1 - / : GET
12:35:02 PM : ::1 - /.well-known/appspecific/com.chrome.devtools.json : GET
12:35:12 PM : ::1 - /user/login : POST
12:35:12 PM : ::1 - /.well-known/appspecific/com.chrome.devtools.json : GET
12:35:59 PM : ::1 - /user/login : POST
12:35:59 PM : ::1 - /.well-known/appspecific/com.chrome.devtools.json : GET
12:36:56 PM : ::1 - /signup : GET
12:36:56 PM : ::1 - /.well-known/appspecific/com.chrome.devtools.json : GET
12:36:57 PM : ::1 - /signup : GET
12:36:57 PM : ::1 - /.well-known/appspecific/com.chrome.devtools.json : GET
12:36:58 PM : ::1 - /signup : GET
12:36:58 PM : ::1 - /.well-known/appspecific/com.chrome.devtools.json : GET
12:36:58 PM : ::1 - /signup : GET
12:36:58 PM : ::1 - /.well-known/appspecific/com.chrome.devtools.json : GET
12:36:58 PM : ::1 - /signup : GET
12:36:58 PM : ::1 - /.well-known/appspecific/com.chrome.devtools.json : GET
12:36:58 PM : ::1 - /signup : GET
12:36:59 PM : ::1 - /.well-known/appspecific/com.chrome.devtools.json : GET
12:36:59 PM : ::1 - /signup : GET
12:36:59 PM : ::1 - /.well-known/appspecific/com.chrome.devtools.json : GET
12:36:59 PM : ::1 - /signup : GET
12:36:59 PM : ::1 - /.well-known/appspecific/com.chrome.devtools.json : GET
12:36:59 PM : ::1 - /signup : GET
12:36:59 PM : ::1 - /.well-known/appspecific/com.chrome.devtools.json : GET
12:37:00 PM : ::1 - /signup : GET
12:37:00 PM : ::1 - /.well-known/appspecific/com.chrome.devtools.json : GET
12:37:00 PM : ::1 - /signup : GET
12:37:00 PM : ::1 - /.well-known/appspecific/com.chrome.devtools.json : GET
12:37:00 PM : ::1 - /signup : GET
12:37:00 PM : ::1 - /.well-known/appspecific/com.chrome.devtools.json : GET
12:37:00 PM : ::1 - /signup : GET
12:37:00 PM : ::1 - /.well-known/appspecific/com.chrome.devtools.json : GET
12:37:00 PM : ::1 - /signup : GET
12:37:01 PM : ::1 - /.well-known/appspecific/com.chrome.devtools.json : GET
12:39:21 PM : ::1 - /signup : GET
12:39:21 PM : ::1 - /.well-known/appspecific/com.chrome.devtools.json : GET
12:39:22 PM : ::1 - /signup : GET
12:39:22 PM : ::1 - /.well-known/appspecific/com.chrome.devtools.json : GET
12:39:26 PM : ::1 - / : GET
12:39:26 PM : ::1 - /.well-known/appspecific/com.chrome.devtools.json : GET
12:39:33 PM : ::1 - /user/login : POST
12:39:33 PM : ::1 - /.well-known/appspecific/com.chrome.devtools.json : GET
12:40:56 PM : ::1 - / : GET
12:40:56 PM : ::1 - /.well-known/appspecific/com.chrome.devtools.json : GET
12:41:01 PM : ::1 - /user/login : POST
12:41:01 PM : ::1 - /.well-known/appspecific/com.chrome.devtools.json : GET
12:41:08 PM : ::1 - /user/login : POST
12:41:08 PM : ::1 - /.well-known/appspecific/com.chrome.devtools.json : GET
12:41:08 PM : ::1 - /signup : GET
12:41:09 PM : ::1 - /.well-known/appspecific/com.chrome.devtools.json : GET
12:41:09 PM : ::1 - /signup : GET
12:41:09 PM : ::1 - /.well-known/appspecific/com.chrome.devtools.json : GET
12:41:09 PM : ::1 - /signup : GET
12:41:09 PM : ::1 - /.well-known/appspecific/com.chrome.devtools.json : GET
12:41:09 PM : ::1 - /signup : GET
12:41:10 PM : ::1 - /.well-known/appspecific/com.chrome.devtools.json : GET
12:41:10 PM : ::1 - /signup : GET
12:41:10 PM : ::1 - /.well-known/appspecific/com.chrome.devtools.json : GET
12:41:10 PM : ::1 - /signup : GET
12:41:10 PM : ::1 - /.well-known/appspecific/com.chrome.devtools.json : GET
12:41:10 PM : ::1 - /signup : GET
12:41:10 PM : ::1 - /.well-known/appspecific/com.chrome.devtools.json : GET
12:41:10 PM : ::1 - /signup : GET
12:41:11 PM : ::1 - /.well-known/appspecific/com.chrome.devtools.json : GET
12:41:11 PM : ::1 - /signup : GET
12:41:11 PM : ::1 - /.well-known/appspecific/com.chrome.devtools.json : GET
12:41:11 PM : ::1 - /signup : GET
12:41:11 PM : ::1 - /.well-known/appspecific/com.chrome.devtools.json : GET
12:41:11 PM : ::1 - /signup : GET
12:41:11 PM : ::1 - /.well-known/appspecific/com.chrome.devtools.json : GET
12:41:12 PM : ::1 - /signup : GET
12:41:12 PM : ::1 - /.well-known/appspecific/com.chrome.devtools.json : GET
12:41:12 PM : ::1 - /signup : GET
12:41:12 PM : ::1 - /.well-known/appspecific/com.chrome.devtools.json : GET
12:41:12 PM : ::1 - /signup : GET
12:41:12 PM : ::1 - /.well-known/appspecific/com.chrome.devtools.json : GET
12:41:12 PM : ::1 - /signup : GET
12:41:12 PM : ::1 - /.well-known/appspecific/com.chrome.devtools.json : GET
12:41:12 PM : ::1 - /signup : GET
12:41:13 PM : ::1 - /.well-known/appspecific/com.chrome.devtools.json : GET
12:41:13 PM : ::1 - /signup : GET
12:41:13 PM : ::1 - /.well-known/appspecific/com.chrome.devtools.json : GET
12:41:13 PM : ::1 - /signup : GET
12:41:13 PM : ::1 - /.well-known/appspecific/com.chrome.devtools.json : GET
12:41:13 PM : ::1 - /signup : GET
12:41:13 PM : ::1 - /.well-known/appspecific/com.chrome.devtools.json : GET
12:41:14 PM : ::1 - /signup : GET
12:41:14 PM : ::1 - /.well-known/appspecific/com.chrome.devtools.json : GET
12:41:14 PM : ::1 - /signup : GET
12:41:14 PM : ::1 - /.well-known/appspecific/com.chrome.devtools.json : GET
12:42:07 PM : ::1 - /signup : GET
12:42:08 PM : ::1 - /.well-known/appspecific/com.chrome.devtools.json : GET
12:43:11 PM : ::1 - / : GET
12:43:11 PM : ::1 - /login : GET
12:43:11 PM : ::1 - /login : GET
12:43:11 PM : ::1 - /login : GET
12:43:11 PM : ::1 - /login : GET
12:43:11 PM : ::1 - /login : GET
12:43:11 PM : ::1 - /login : GET
12:43:11 PM : ::1 - /login : GET
12:43:11 PM : ::1 - /login : GET
12:43:11 PM : ::1 - /login : GET
12:43:11 PM : ::1 - /login : GET
12:43:11 PM : ::1 - /login : GET
12:43:11 PM : ::1 - /login : GET
12:43:11 PM : ::1 - /login : GET
12:43:11 PM : ::1 - /login : GET
12:43:11 PM : ::1 - /login : GET
12:43:11 PM : ::1 - /login : GET
12:43:11 PM : ::1 - /login : GET
12:43:11 PM : ::1 - /login : GET
12:43:11 PM : ::1 - /login : GET
12:43:12 PM : ::1 - /login : GET
12:43:12 PM : ::1 - /login : GET
12:43:12 PM : ::1 - /login : GET
12:43:12 PM : ::1 - /login : GET
12:43:12 PM : ::1 - /login : GET
12:43:12 PM : ::1 - /login : GET
12:43:12 PM : ::1 - /login : GET
12:43:12 PM : ::1 - /login : GET
12:43:12 PM : ::1 - /login : GET
12:43:12 PM : ::1 - /login : GET
12:43:12 PM : ::1 - /login : GET
12:43:12 PM : ::1 - /login : GET
12:43:12 PM : ::1 - /login : GET
12:43:12 PM : ::1 - /login : GET
12:43:12 PM : ::1 - /login : GET
12:43:12 PM : ::1 - /login : GET
12:43:12 PM : ::1 - /login : GET
12:43:12 PM : ::1 - /login : GET
12:43:12 PM : ::1 - /login : GET
12:43:12 PM : ::1 - /login : GET
12:43:13 PM : ::1 - /login : GET
12:43:13 PM : ::1 - /login : GET
12:43:13 PM : ::1 - /login : GET
12:43:13 PM : ::1 - /login : GET
12:43:13 PM : ::1 - /login : GET
12:43:13 PM : ::1 - /login : GET
12:43:13 PM : ::1 - /login : GET
12:43:13 PM : ::1 - /login : GET
12:43:13 PM : ::1 - /login : GET
12:43:13 PM : ::1 - /login : GET
12:43:13 PM : ::1 - /login : GET
12:43:13 PM : ::1 - /login : GET
12:43:13 PM : ::1 - /login : GET
12:43:13 PM : ::1 - /login : GET
12:43:13 PM : ::1 - /login : GET
12:43:14 PM : ::1 - /login : GET
12:43:14 PM : ::1 - /login : GET
12:43:14 PM : ::1 - /login : GET
12:43:14 PM : ::1 - /login : GET
12:43:14 PM : ::1 - /login : GET
12:43:14 PM : ::1 - /login : GET
12:43:14 PM : ::1 - /login : GET
12:43:14 PM : ::1 - /login : GET
12:43:14 PM : ::1 - /login : GET
12:43:14 PM : ::1 - /login : GET
12:43:14 PM : ::1 - /login : GET
12:43:14 PM : ::1 - /login : GET
12:43:14 PM : ::1 - /login : GET
12:43:14 PM : ::1 - /login : GET
12:43:14 PM : ::1 - /login : GET
12:43:14 PM : ::1 - /login : GET
12:43:14 PM : ::1 - /login : GET
12:43:14 PM : ::1 - /login : GET
12:43:14 PM : ::1 - /login : GET
12:43:14 PM : ::1 - /login : GET
12:43:14 PM : ::1 - /login : GET
12:43:14 PM : ::1 - /login : GET
12:43:14 PM : ::1 - /login : GET
12:43:14 PM : ::1 - /login : GET
12:43:14 PM : ::1 - /login : GET
12:43:14 PM : ::1 - /login : GET
12:43:14 PM : ::1 - /login : GET
12:43:14 PM : ::1 - /login : GET
12:43:14 PM : ::1 - /login : GET
12:43:14 PM : ::1 - /login : GET
12:43:14 PM : ::1 - /login : GET
12:43:14 PM : ::1 - /login : GET
12:43:14 PM : ::1 - /login : GET
12:43:14 PM : ::1 - /login : GET
12:43:14 PM : ::1 - /login : GET
12:43:14 PM : ::1 - /login : GET
12:43:14 PM : ::1 - /login : GET
12:43:14 PM : ::1 - /login : GET
12:43:14 PM : ::1 - /login : GET
12:43:14 PM : ::1 - /login : GET
12:43:14 PM : ::1 - /login : GET
12:43:14 PM : ::1 - /login : GET
12:43:14 PM : ::1 - /login : GET
12:43:14 PM : ::1 - /login : GET
12:43:14 PM : ::1 - /login : GET
12:43:15 PM : ::1 - /login : GET
12:43:15 PM : ::1 - /login : GET
12:43:15 PM : ::1 - /login : GET
12:43:15 PM : ::1 - /login : GET
12:43:15 PM : ::1 - /login : GET
12:43:15 PM : ::1 - /login : GET
12:43:15 PM : ::1 - /login : GET
12:43:15 PM : ::1 - /login : GET
12:43:15 PM : ::1 - /login : GET
12:43:15 PM : ::1 - /login : GET
12:43:15 PM : ::1 - /login : GET
12:43:15 PM : ::1 - /login : GET
12:43:15 PM : ::1 - /login : GET
12:43:15 PM : ::1 - /login : GET
12:43:15 PM : ::1 - /login : GET
12:43:15 PM : ::1 - /login : GET
12:43:15 PM : ::1 - /login : GET
12:43:15 PM : ::1 - /login : GET
12:43:15 PM : ::1 - /login : GET
12:43:15 PM : ::1 - /login : GET
12:43:15 PM : ::1 - /login : GET
12:43:15 PM : ::1 - /login : GET
12:43:15 PM : ::1 - /login : GET
12:43:15 PM : ::1 - /login : GET
12:43:15 PM : ::1 - /login : GET
12:43:15 PM : ::1 - /login : GET
12:43:15 PM : ::1 - /login : GET
12:43:15 PM : ::1 - /login : GET
12:43:15 PM : ::1 - /login : GET
12:43:15 PM : ::1 - /login : GET
12:43:15 PM : ::1 - /login : GET
12:43:15 PM : ::1 - /login : GET
12:43:15 PM : ::1 - /login : GET
12:43:15 PM : ::1 - /login : GET
12:43:15 PM : ::1 - /login : GET
12:43:15 PM : ::1 - /login : GET
12:43:15 PM : ::1 - /login : GET
12:43:15 PM : ::1 - /login : GET
12:43:15 PM : ::1 - /login : GET
12:43:15 PM : ::1 - /login : GET
12:43:23 PM : ::1 - /login : GET
12:43:23 PM : ::1 - /login : GET
12:43:23 PM : ::1 - /login : GET
12:43:23 PM : ::1 - /login : GET
12:43:23 PM : ::1 - /login : GET
12:43:23 PM : ::1 - /login : GET
12:43:23 PM : ::1 - /login : GET
12:43:23 PM : ::1 - /login : GET
12:43:23 PM : ::1 - /login : GET
12:43:23 PM : ::1 - /login : GET
12:43:23 PM : ::1 - /login : GET
12:43:23 PM : ::1 - /login : GET
12:43:23 PM : ::1 - /login : GET
12:43:23 PM : ::1 - /login : GET
12:43:23 PM : ::1 - /login : GET
12:43:23 PM : ::1 - /login : GET
12:43:23 PM : ::1 - /login : GET
12:43:23 PM : ::1 - /login : GET
12:43:23 PM : ::1 - /login : GET
12:43:23 PM : ::1 - /login : GET
12:48:11 PM : ::1 - / : GET
12:48:11 PM : ::1 - /login : GET
12:48:11 PM : ::1 - /.well-known/appspecific/com.chrome.devtools.json : GET
12:48:15 PM : ::1 - /user/login : POST
12:48:15 PM : ::1 - /.well-known/appspecific/com.chrome.devtools.json : GET
12:49:08 PM : ::1 - /user/login : POST
12:49:08 PM : ::1 - / : GET
12:49:08 PM : ::1 - /.well-known/appspecific/com.chrome.devtools.json : GET
12:49:47 PM : ::1 - / : GET
12:49:47 PM : ::1 - /.well-known/appspecific/com.chrome.devtools.json : GET
12:50:00 PM : ::1 - / : GET
12:50:00 PM : ::1 - /login : GET
12:50:00 PM : ::1 - /.well-known/appspecific/com.chrome.devtools.json : GET
12:50:04 PM : ::1 - /user/login : POST
12:50:04 PM : ::1 - / : GET
12:50:04 PM : ::1 - /.well-known/appspecific/com.chrome.devtools.json : GET
12:50:08 PM : ::1 - /.well-known/appspecific/com.chrome.devtools.json : GET
12:50:08 PM : ::1 - /.well-known/appspecific/com.chrome.devtools.json : GET
12:50:11 PM : ::1 - /signup : GET
12:50:11 PM : ::1 - /.well-known/appspecific/com.chrome.devtools.json : GET
12:50:36 PM : ::1 - /user : POST
12:50:36 PM : ::1 - / : GET
12:50:36 PM : ::1 - /.well-known/appspecific/com.chrome.devtools.json : GET
12:50:49 PM : ::1 - / : GET
12:50:50 PM : ::1 - /.well-known/appspecific/com.chrome.devtools.json : GET
12:52:51 PM : ::1 - / : GET
12:52:51 PM : ::1 - /.well-known/appspecific/com.chrome.devtools.json : GET
12:52:58 PM : ::1 - / : GET
12:52:58 PM : ::1 - /login : GET
12:52:58 PM : ::1 - /.well-known/appspecific/com.chrome.devtools.json : GET
12:53:05 PM : ::1 - /signup : GET
12:53:05 PM : ::1 - /.well-known/appspecific/com.chrome.devtools.json : GET
12:53:20 PM : ::1 - /user : POST
12:53:20 PM : ::1 - /login : GET
12:53:20 PM : ::1 - /.well-known/appspecific/com.chrome.devtools.json : GET
12:53:29 PM : ::1 - /user/login : POST
12:53:29 PM : ::1 - / : GET
12:53:29 PM : ::1 - /.well-known/appspecific/com.chrome.devtools.json : GET
12:53:34 PM : ::1 - /url : POST
12:53:35 PM : ::1 - /.well-known/appspecific/com.chrome.devtools.json : GET
12:53:35 PM : ::1 - /url/nXnxJNRMm : GET
12:53:38 PM : ::1 - /.well-known/appspecific/com.chrome.devtools.json : GET
12:53:39 PM : ::1 - /.well-known/appspecific/com.chrome.devtools.json : GET
12:53:39 PM : ::1 - /.well-known/appspecific/com.chrome.devtools.json : GET
12:53:40 PM : ::1 - / : GET
12:53:40 PM : ::1 - /.well-known/appspecific/com.chrome.devtools.json : GET
12:57:54 PM : ::1 - /admin/urls : GET
12:57:54 PM : ::1 - /.well-known/appspecific/com.chrome.devtools.json : GET
12:59:06 PM : ::1 - /admin/urls : GET
12:59:06 PM : ::1 - /.well-known/appspecific/com.chrome.devtools.json : GET
12:59:06 PM : ::1 - /admin/urls : GET
12:59:06 PM : ::1 - /.well-known/appspecific/com.chrome.devtools.json : GET
12:59:06 PM : ::1 - /admin/urls : GET
12:59:06 PM : ::1 - /.well-known/appspecific/com.chrome.devtools.json : GET
12:59:06 PM : ::1 - /admin/urls : GET
12:59:07 PM : ::1 - /.well-known/appspecific/com.chrome.devtools.json : GET
12:59:07 PM : ::1 - /admin/urls : GET
12:59:07 PM : ::1 - /.well-known/appspecific/com.chrome.devtools.json : GET
12:59:07 PM : ::1 - /admin/urls : GET
12:59:07 PM : ::1 - /.well-known/appspecific/com.chrome.devtools.json : GET
12:59:22 PM : ::1 - /admin/urls : GET
12:59:22 PM : ::1 - /login : GET
12:59:22 PM : ::1 - /.well-known/appspecific/com.chrome.devtools.json : GET
12:59:43 PM : ::1 - /user/login : POST
12:59:44 PM : ::1 - / : GET
12:59:44 PM : ::1 - /.well-known/appspecific/com.chrome.devtools.json : GET
1:00:03 PM : ::1 - / : GET
1:00:03 PM : ::1 - /login : GET
1:00:04 PM : ::1 - /.well-known/appspecific/com.chrome.devtools.json : GET
1:00:08 PM : ::1 - /user/login : POST
1:00:08 PM : ::1 - / : GET
1:00:08 PM : ::1 - /.well-known/appspecific/com.chrome.devtools.json : GET
1:01:04 PM : ::1 - / : GET
1:01:05 PM : ::1 - /.well-known/appspecific/com.chrome.devtools.json : GET
1:01:08 PM : ::1 - / : GET
1:01:08 PM : ::1 - /login : GET
1:01:08 PM : ::1 - /.well-known/appspecific/com.chrome.devtools.json : GET
1:01:13 PM : ::1 - /user/login : POST
1:01:13 PM : ::1 - / : GET
1:01:13 PM : ::1 - /.well-known/appspecific/com.chrome.devtools.json : GET
1:01:28 PM : ::1 - / : GET
1:01:28 PM : ::1 - /login : GET
1:01:28 PM : ::1 - /.well-known/appspecific/com.chrome.devtools.json : GET
1:01:31 PM : ::1 - /user/login : POST
1:01:32 PM : ::1 - / : GET
1:01:32 PM : ::1 - /.well-known/appspecific/com.chrome.devtools.json : GET
1:02:08 PM : ::1 - / : GET
1:02:08 PM : ::1 - /login : GET
1:02:08 PM : ::1 - /.well-known/appspecific/com.chrome.devtools.json : GET
1:02:14 PM : ::1 - /user/login : POST
1:02:14 PM : ::1 - / : GET
1:02:14 PM : ::1 - /.well-known/appspecific/com.chrome.devtools.json : GET
1:02:23 PM : ::1 - /.well-known/appspecific/com.chrome.devtools.json : GET
1:02:23 PM : ::1 - /.well-known/appspecific/com.chrome.devtools.json : GET
1:02:39 PM : ::1 - /user/login : POST
1:02:39 PM : ::1 - / : GET
1:02:40 PM : ::1 - /.well-known/appspecific/com.chrome.devtools.json : GET
1:02:44 PM : ::1 - /admin/urls : GET
1:02:44 PM : ::1 - /.well-known/appspecific/com.chrome.devtools.json : GET
1:02:46 PM : ::1 - /.well-known/appspecific/com.chrome.devtools.json : GET
1:02:46 PM : ::1 - /.well-known/appspecific/com.chrome.devtools.json : GET
1:02:50 PM : ::1 - / : GET
1:02:50 PM : ::1 - /login : GET
1:02:50 PM : ::1 - /.well-known/appspecific/com.chrome.devtools.json : GET
1:03:02 PM : ::1 - /user/login : POST
1:03:02 PM : ::1 - / : GET
1:03:02 PM : ::1 - /.well-known/appspecific/com.chrome.devtools.json : GET
1:04:57 PM : ::1 - / : GET
1:04:57 PM : ::1 - /.well-known/appspecific/com.chrome.devtools.json : GET
1:05:02 PM : ::1 - / : GET
1:05:02 PM : ::1 - /login : GET
1:05:03 PM : ::1 - /.well-known/appspecific/com.chrome.devtools.json : GET
1:05:03 PM : ::1 - /login : GET
1:05:03 PM : ::1 - /.well-known/appspecific/com.chrome.devtools.json : GET
1:05:09 PM : ::1 - /user/login : POST
1:05:09 PM : ::1 - / : GET
1:05:09 PM : ::1 - /.well-known/appspecific/com.chrome.devtools.json : GET
1:05:21 PM : ::1 - /admin/urls : GET
1:05:22 PM : ::1 - /.well-known/appspecific/com.chrome.devtools.json : GET
1:05:26 PM : ::1 - /.well-known/appspecific/com.chrome.devtools.json : GET
1:05:39 PM : ::1 - /url/ : GET
1:05:39 PM : ::1 - /.well-known/appspecific/com.chrome.devtools.json : GET
1:05:51 PM : ::1 - / : GET
1:05:52 PM : ::1 - /.well-known/appspecific/com.chrome.devtools.json : GET
1:06:06 PM : ::1 - / : GET
1:06:06 PM : ::1 - /.well-known/appspecific/com.chrome.devtools.json : GET
1:07:48 PM : ::1 - / : GET
1:07:48 PM : ::1 - /.well-known/appspecific/com.chrome.devtools.json : GET
1:07:55 PM : ::1 - /admin/urls : GET
1:07:55 PM : ::1 - /.well-known/appspecific/com.chrome.devtools.json : GET
1:08:19 PM : ::1 - /admin/urls : GET
1:08:33 PM : ::1 - / : GET
1:08:34 PM : ::1 - /login : GET
1:08:36 PM : ::1 - /favicon.ico : GET
1:08:39 PM : ::1 - /user/login : POST
1:08:39 PM : ::1 - / : GET
1:09:06 PM : ::1 - /user/login : POST
1:09:06 PM : ::1 - / : GET
1:12:35 PM : ::1 - / : GET
1:12:44 PM : ::1 - /admin/urls : GET
1:12:48 PM : ::1 - /admin/urls : GET
1:13:07 PM : ::1 - /admin/urls : GET
1:14:04 PM : ::1 - /admin/urls : GET
